2023-03-05T06:31:27.6682171Z Current runner version: '2.302.1'
2023-03-05T06:31:27.6689067Z Runner name: 'harrison-VirtualBox'
2023-03-05T06:31:27.6689472Z Runner group name: 'Default'
2023-03-05T06:31:27.6690109Z Machine name: 'harrison-VirtualBox'
2023-03-05T06:31:27.6692320Z ##[group]GITHUB_TOKEN Permissions
2023-03-05T06:31:27.6693107Z Actions: write
2023-03-05T06:31:27.6693346Z Checks: write
2023-03-05T06:31:27.6693565Z Contents: write
2023-03-05T06:31:27.6693784Z Deployments: write
2023-03-05T06:31:27.6693994Z Discussions: write
2023-03-05T06:31:27.6694201Z Issues: write
2023-03-05T06:31:27.6694573Z Metadata: read
2023-03-05T06:31:27.6694801Z Packages: write
2023-03-05T06:31:27.6695015Z Pages: write
2023-03-05T06:31:27.6695226Z PullRequests: write
2023-03-05T06:31:27.6695467Z RepositoryProjects: write
2023-03-05T06:31:27.6695719Z SecurityEvents: write
2023-03-05T06:31:27.6695944Z Statuses: write
2023-03-05T06:31:27.6696156Z ##[endgroup]
2023-03-05T06:31:27.6699646Z Secret source: Actions
2023-03-05T06:31:27.6700117Z Prepare workflow directory
2023-03-05T06:31:27.7934197Z Prepare all required actions
2023-03-05T06:31:27.8146781Z Getting action download info
2023-03-05T06:31:28.3925469Z Download action repository 'actions/checkout@v2' (SHA:dc323e67f16fb5f7663d20ff7941f27f5809e9b6)
2023-03-05T06:31:31.5515720Z Complete job name: full-test
2023-03-05T06:31:31.6820064Z ##[group]Checking docker version
2023-03-05T06:31:31.6841527Z ##[command]/usr/bin/docker version --format '{{.Server.APIVersion}}'
2023-03-05T06:31:32.5055148Z '1.42'
2023-03-05T06:31:32.5065468Z Docker daemon API version: '1.42'
2023-03-05T06:31:32.5065934Z ##[command]/usr/bin/docker version --format '{{.Client.APIVersion}}'
2023-03-05T06:31:32.6478153Z '1.42'
2023-03-05T06:31:32.6502881Z Docker client API version: '1.42'
2023-03-05T06:31:32.6512871Z ##[endgroup]
2023-03-05T06:31:32.6516764Z ##[group]Clean up resources from previous jobs
2023-03-05T06:31:32.6526053Z ##[command]/usr/bin/docker ps --all --quiet --no-trunc --filter "label=0ad730"
2023-03-05T06:31:32.7517191Z ##[command]/usr/bin/docker network prune --force --filter "label=0ad730"
2023-03-05T06:31:32.8680457Z ##[endgroup]
2023-03-05T06:31:32.8680853Z ##[group]Create local container network
2023-03-05T06:31:32.8695852Z ##[command]/usr/bin/docker network create --label 0ad730 github_network_b9b53a4110b2486a89bcff03a93c679f
2023-03-05T06:31:33.0915817Z 0243d1ff725c034bd3056f83b18d0e8d38dc895ea2f7763c6224beea2366942a
2023-03-05T06:31:33.0974160Z ##[endgroup]
2023-03-05T06:31:33.1149133Z ##[group]Starting job container
2023-03-05T06:31:33.1208112Z ##[command]/usr/bin/docker pull cuaesd/aesd-autotest:assignment1
2023-03-05T06:31:36.9485333Z assignment1: Pulling from cuaesd/aesd-autotest
2023-03-05T06:31:36.9566291Z 345e3491a907: Pulling fs layer
2023-03-05T06:31:36.9569138Z 57671312ef6f: Pulling fs layer
2023-03-05T06:31:36.9569944Z 5e9250ddb7d0: Pulling fs layer
2023-03-05T06:31:36.9603102Z 1c363dbf08ce: Pulling fs layer
2023-03-05T06:31:36.9612065Z e2fe8f675307: Pulling fs layer
2023-03-05T06:31:36.9612824Z 1c363dbf08ce: Waiting
2023-03-05T06:31:36.9613167Z e2fe8f675307: Waiting
2023-03-05T06:31:38.4610000Z 5e9250ddb7d0: Verifying Checksum
2023-03-05T06:31:38.4610973Z 5e9250ddb7d0: Download complete
2023-03-05T06:31:38.4762084Z 57671312ef6f: Download complete
2023-03-05T06:31:40.5327688Z e2fe8f675307: Verifying Checksum
2023-03-05T06:31:40.5329842Z e2fe8f675307: Download complete
2023-03-05T06:31:59.2864293Z 1c363dbf08ce: Retrying in 5 seconds
2023-03-05T06:32:00.2887751Z 1c363dbf08ce: Retrying in 4 seconds
2023-03-05T06:32:01.2877122Z 1c363dbf08ce: Retrying in 3 seconds
2023-03-05T06:32:02.2871603Z 1c363dbf08ce: Retrying in 2 seconds
2023-03-05T06:32:03.2870373Z 1c363dbf08ce: Retrying in 1 second
2023-03-05T06:32:25.4670486Z 1c363dbf08ce: Retrying in 10 seconds
2023-03-05T06:32:26.4691885Z 1c363dbf08ce: Retrying in 9 seconds
2023-03-05T06:32:27.4693022Z 1c363dbf08ce: Retrying in 8 seconds
2023-03-05T06:32:28.4689897Z 1c363dbf08ce: Retrying in 7 seconds
2023-03-05T06:32:29.4687376Z 1c363dbf08