[2023-03-09 11:52:34Z INFO HostContext] No proxy settings were found based on environmental variables (http_proxy/https_proxy/HTTP_PROXY/HTTPS_PROXY)
[2023-03-09 11:52:34Z INFO HostContext] Well known directory 'Bin': '/home/harrison/assignment-1-nightmare9527/actions-runner/bin'
[2023-03-09 11:52:34Z INFO HostContext] Well known directory 'Root': '/home/harrison/assignment-1-nightmare9527/actions-runner'
[2023-03-09 11:52:34Z INFO HostContext] Well known config file 'Credentials': '/home/harrison/assignment-1-nightmare9527/actions-runner/.credentials'
[2023-03-09 11:52:34Z INFO HostContext] Well known directory 'Bin': '/home/harrison/assignment-1-nightmare9527/actions-runner/bin'
[2023-03-09 11:52:34Z INFO HostContext] Well known directory 'Root': '/home/harrison/assignment-1-nightmare9527/actions-runner'
[2023-03-09 11:52:34Z INFO HostContext] Well known config file 'Runner': '/home/harrison/assignment-1-nightmare9527/actions-runner/.runner'
[2023-03-09 11:52:34Z INFO Listener] Runner is built for Linux (X64) - linux-x64.
[2023-03-09 11:52:34Z INFO Listener] RuntimeInformation: Linux 5.15.0-67-generic #74~20.04.1-Ubuntu SMP Wed Feb 22 14:52:34 UTC 2023.
[2023-03-09 11:52:34Z INFO Listener] Version: 2.302.1
[2023-03-09 11:52:34Z INFO Listener] Commit: b3492cb90f7a757c5a39196f956340fbbbae14d1
[2023-03-09 11:52:34Z INFO Listener] Culture: en-US
[2023-03-09 11:52:34Z INFO Listener] UI Culture: en-US
[2023-03-09 11:52:34Z INFO HostContext] Well known directory 'Bin': '/home/harrison/assignment-1-nightmare9527/actions-runner/bin'
[2023-03-09 11:52:34Z INFO HostContext] Well known directory 'Root': '/home/harrison/assignment-1-nightmare9527/actions-runner'
[2023-03-09 11:52:34Z INFO Listener] Validating directory permissions for: '/home/harrison/assignment-1-nightmare9527/actions-runner'
[2023-03-09 11:52:34Z INFO CommandLineParser] Parse
[2023-03-09 11:52:34Z INFO CommandLineParser] Parsing 1 args
[2023-03-09 11:52:34Z INFO CommandLineParser] parsing argument
[2023-03-09 11:52:34Z INFO CommandLineParser] HasArgs: False
[2023-03-09 11:52:34Z INFO CommandLineParser] Adding Command: run
[2023-03-09 11:52:34Z INFO Listener] Arguments parsed
[2023-03-09 11:52:34Z INFO Runner] ExecuteCommand
[2023-03-09 11:52:34Z INFO ConfigurationStore] currentAssemblyLocation: /home/harrison/assignment-1-nightmare9527/actions-runner/bin/Runner.Listener.dll
[2023-03-09 11:52:34Z INFO HostContext] Well known directory 'Bin': '/home/harrison/assignment-1-nightmare9527/actions-runner/bin'
[2023-03-09 11:52:34Z INFO ConfigurationStore] binPath: /home/harrison/assignment-1-nightmare9527/actions-runner/bin
[2023-03-09 11:52:34Z INFO HostContext] Well known directory 'Bin': '/home/harrison/assignment-1-nightmare9527/actions-runner/bin'
[2023-03-09 11:52:34Z INFO HostContext] Well known directory 'Root': '/home/harrison/assignment-1-nightmare9527/actions-runner'
[2023-03-09 11:52:34Z INFO ConfigurationStore] RootFolder: /home/harrison/assignment-1-nightmare9527/actions-runner
[2023-03-09 11:52:34Z INFO HostContext] Well known directory 'Bin': '/home/harrison/assignment-1-nightmare9527/actions-runner/bin'
[2023-03-09 11:52:34Z INFO HostContext] Well known directory 'Root': '/home/harrison/assignment-1-nightmare9527/actions-runner'
[2023-03-09 11:52:34Z INFO HostContext] Well known config file 'Runner': '/home/harrison/assignment-1-nightmare9527/actions-runner/.runner'
[2023-03-09 11:52:34Z INFO ConfigurationStore] ConfigFilePath: /home/harrison/assignment-1-nightmare9527/actions-runner/.runner
[2023-03-09 11:52:34Z INFO HostContext] Well known directory 'Bin': '/home/harrison/assignment-1-nightmare9527/actions-runner/bin'
[2023-03-09 11:52:34Z INFO HostContext] Well known directory 'Root': '/home/harrison/assignment-1-nightmare9527/actions-runner'
[2023-03-09 11:52:34Z INFO HostContext] Well known config file 'Credentials': '/home/harrison/assignment-1-nightmare9527/actions-runner/.credentials'
[2023-03-09 11:52:34Z INFO ConfigurationStore] CredFilePath: /home/harrison/assignment-1-nightmare9527/actions-runner/.credentials
[2023-03-09 11:52:34Z INFO HostContext] Well known directory 'Bin': '/home/harrison/assignment-1-nightmare9527/actions-runner/bin'
[2023-03-09 11:52:34Z INFO HostContext] Well known directory 'Root': '/home/harrison/assignment-1-nightmare9527/actions-runner'
[2023-03-09 11:52:34Z INFO HostContext] Well known config file 'MigratedCredentials': '/home/harrison/assignment-1-nightmare9527/actions-runner/.credentials_migrated'
[2023-03-09 11:52:34Z INFO ConfigurationStore] MigratedCredFilePath: /home/harrison/assignment-1-nightmare9527/actions-runner/.credentials_migrated
[2023-03-09 11:52:34Z INFO HostContext] Well known directory 'Bin': '/home/harrison/assignment-1-nightmare9527/actions-runner/bin'
[2023-03-09 11:52:34Z INFO HostContext] Well known directory 'Root': '/home/harrison/assignment-1-nightmare9527/actions-runner'
[2023-03-09 11:52:34Z INFO HostContext] Well known config file 'Service': '/home/harrison/assignment-1-nightmare9527/actions-runner/.service'
[2023-03-09 11:52:34Z INFO ConfigurationStore] ServiceConfigFilePath: /home/harrison/assignment-1-nightmare9527/actions-runner/.service
[2023-03-09 11:52:34Z INFO CommandSettings] Flag 'help': 'False'
[2023-03-09 11:52:34Z INFO CommandSettings] Flag 'version': 'False'
[2023-03-09 11:52:34Z INFO CommandSettings] Flag 'commit': 'False'
[2023-03-09 11:52:34Z INFO CommandSettings] Flag 'check': 'False'
[2023-03-09 11:52:34Z INFO CommandSettings] Command 'configure': 'False'
[2023-03-09 11:52:34Z INFO CommandSettings] Command 'remove': 'False'
[2023-03-09 11:52:34Z INFO CommandSettings] Command 'warmup': 'False'
[2023-03-09 11:52:34Z INFO ConfigurationManager] LoadSettings
[2023-03-09 11:52:34Z INFO ConfigurationStore] IsConfigured()
[2023-03-09 11:52:34Z INFO ConfigurationStore] IsConfigured: True
[2023-03-09 11:52:34Z INFO ConfigurationManager] Is configured: True
[2023-03-09 11:52:34Z INFO ConfigurationStore] Read setting file: 315 chars
[2023-03-09 11:52:34Z INFO ConfigurationManager] Settings Loaded
[2023-03-09 11:52:34Z INFO ConfigurationStore] IsServiceConfigured()
[2023-03-09 11:52:34Z INFO ConfigurationStore] IsServiceConfigured: False
[2023-03-09 11:52:34Z INFO CommandSettings] Command 'run': 'True'
[2023-03-09 11:52:34Z INFO ConfigurationStore] IsConfigured()
[2023-03-09 11:52:34Z INFO ConfigurationStore] IsConfigured: True
[2023-03-09 11:52:34Z INFO ConfigurationManager] Is configured: True
[2023-03-09 11:52:34Z INFO Runner] Could not parse the argument value '' for StartupType. Defaulting to Manual
[2023-03-09 11:52:34Z INFO Runner] Set runner startup type - Manual
[2023-03-09 11:52:34Z INFO CommandSettings] Flag 'once': 'False'
[2023-03-09 11:52:34Z INFO CommandSettings] Flag 'once': 'False'
[2023-03-09 11:52:34Z INFO Runner] RunAsync
[2023-03-09 11:52:34Z INFO ConfigurationManager] LoadSettings
[2023-03-09 11:52:34Z INFO ConfigurationStore] IsConfigured()
[2023-03-09 11:52:34Z INFO ConfigurationStore] IsConfigured: True
[2023-03-09 11:52:34Z INFO ConfigurationManager] Is configured: True
[2023-03-09 11:52:34Z INFO ConfigurationManager] Settings Loaded
[2023-03-09 11:52:34Z INFO MessageListener] {
  "AgentId": 2,
  "AgentName": "harrison-VirtualBox",
  "PoolId": 1,
  "PoolName": "Default",
  "ServerUrl": "https://pipelines.actions.githubusercontent.com/31SbzDyHCDi90yffwOI86zoAPqMroYdWhIN2Cpadj0Zfo54cxT",
  "GitHubUrl": "https://github.com/cu-ecen-aeld/assignment-1-nightmare9527",
  "WorkFolder": "_work"
}
[2023-03-09 11:52:34Z INFO MessageListener] Loading Credentials
[2023-03-09 11:52:34Z INFO ConfigurationStore] HasCredentials()
[2023-03-09 11:52:34Z INFO ConfigurationStore] stored True
[2023-03-09 11:52:34Z INFO CredentialManager] GetCredentialProvider
[2023-03-09 11:52:34Z INFO CredentialManager] Creating type OAuth
[2023-03-09 11:52:34Z INFO CredentialManager] Creating credential type: OAuth
[2023-03-09 11:52:34Z INFO HostContext] Well known directory 'Bin': '/home/harrison/assignment-1-nightmare9527/actions-runner/bin'
[2023-03-09 11:52:34Z INFO HostContext] Well known directory 'Root': '/home/harrison/assignment-1-nightmare9527/actions-runner'
[2023-03-09 11:52:34Z INFO HostContext] Well known config file 'RSACredentials': '/home/harrison/assignment-1-nightmare9527/actions-runner/.credentials_rsaparams'
[2023-03-09 11:52:34Z INFO RSAFileKeyManager] Loading RSA key parameters from file /home/harrison/assignment-1-nightmare9527/actions-runner/.credentials_rsaparams
[2023-03-09 11:52:34Z INFO MessageListener] Attempt to create session.
[2023-03-09 11:52:34Z INFO MessageListener] Connecting to the Runner Server...
[2023-03-09 11:52:34Z INFO RunnerServer] EstablishVssConnection
[2023-03-09 11:52:34Z INFO RunnerServer] Establish connection with 100 seconds timeout.
[2023-03-09 11:52:34Z INFO GitHubActionsService] Starting operation Location.GetConnectionData
[2023-03-09 11:52:34Z INFO RunnerServer] EstablishVssConnection
[2023-03-09 11:52:34Z INFO RunnerServer] Establish connection with 60 seconds timeout.
[2023-03-09 11:52:34Z INFO GitHubActionsService] Starting operation Location.GetConnectionData
[2023-03-09 11:52:34Z INFO RunnerServer] EstablishVssConnection
[2023-03-09 11:52:34Z INFO RunnerServer] Establish connection with 60 seconds timeout.
[2023-03-09 11:52:34Z INFO GitHubActionsService] Starting operation Location.GetConnectionData
[2023-03-09 11:52:34Z INFO GitHubActionsService] Finished operation Location.GetConnectionData
[2023-03-09 11:52:35Z INFO GitHubActionsService] Finished operation Location.GetConnectionData
[2023-03-09 11:52:35Z INFO GitHubActionsService] Finished operation Location.GetConnectionData
[2023-03-09 11:52:35Z INFO GitHubActionsService] Starting operation Location.GetConnectionData
[2023-03-09 11:52:35Z INFO GitHubActionsService] Finished operation Location.GetConnectionData
[2023-03-09 11:52:35Z INFO MessageListener] VssConnection created
[2023-03-09 11:52:35Z INFO Terminal] WRITE LINE: 
[2023-03-09 11:52:35Z INFO Terminal] WRITE LINE: 
[2023-03-09 11:52:36Z INFO RSAFileKeyManager] Loading RSA key parameters from file /home/harrison/assignment-1-nightmare9527/actions-runner/.credentials_rsaparams
[2023-03-09 11:52:36Z INFO RSAFileKeyManager] Loading RSA key parameters from file /home/harrison/assignment-1-nightmare9527/actions-runner/.credentials_rsaparams
[2023-03-09 11:52:37Z INFO GitHubActionsService] AAD Correlation ID for this token request: Unknown
[2023-03-09 11:52:37Z INFO MessageListener] Session created.
[2023-03-09 11:52:37Z INFO Terminal] WRITE LINE: Current runner version: '2.302.1'
[2023-03-09 11:52:37Z INFO Terminal] WRITE LINE: 2023-03-09 11:52:37Z: Listening for Jobs
[2023-03-09 11:52:37Z INFO JobDispatcher] Set runner/worker IPC timeout to 30 seconds.
[2023-03-09 11:52:53Z INFO RSAFileKeyManager] Loading RSA key parameters from file /home/harrison/assignment-1-nightmare9527/actions-runner/.credentials_rsaparams
[2023-03-09 11:52:53Z INFO MessageListener] Message '15' received from session 'be3a1050-1b6e-4ff1-868a-8553039450f3'.
[2023-03-09 11:52:53Z INFO Runner] Received job message of length 23704 from service, with hash '792d8ce88a5175b6a518267f21cb38798f2a415bc055287303d2a4654dbb132a'
[2023-03-09 11:52:53Z INFO JobDispatcher] Job request 15 for plan 842ac823-a80f-4cee-b0ac-f4405852f09f job a047640a-23da-5e9b-1ef8-917a09b3753a received.
[2023-03-09 11:52:53Z INFO JobDispatcher] Pull OrchestrationId 842ac823-a80f-4cee-b0ac-f4405852f09f.full-test.__default from JWT claims
[2023-03-09 11:52:53Z INFO Terminal] WRITE LINE: 2023-03-09 11:52:53Z: Running job: full-test
[2023-03-09 11:52:53Z INFO JobDispatcher] Start renew job request 15 for job a047640a-23da-5e9b-1ef8-917a09b3753a.
[2023-03-09 11:52:53Z INFO JobDispatcher] Successfully renew job request 15, job is valid till 3/9/2023 12:02:53 PM
[2023-03-09 11:52:53Z INFO HostContext] Well known directory 'Bin': '/home/harrison/assignment-1-nightmare9527/actions-runner/bin'
[2023-03-09 11:52:53Z INFO ProcessInvokerWrapper] Starting process:
[2023-03-09 11:52:53Z INFO ProcessInvokerWrapper]   File name: '/home/harrison/assignment-1-nightmare9527/actions-runner/bin/Runner.Worker'
[2023-03-09 11:52:53Z INFO ProcessInvokerWrapper]   Arguments: 'spawnclient 108 111'
[2023-03-09 11:52:53Z INFO ProcessInvokerWrapper]   Working directory: '/home/harrison/assignment-1-nightmare9527/actions-runner/bin'
[2023-03-09 11:52:53Z INFO ProcessInvokerWrapper]   Require exit code zero: 'False'
[2023-03-09 11:52:53Z INFO ProcessInvokerWrapper]   Encoding web name:  ; code page: ''
[2023-03-09 11:52:53Z INFO ProcessInvokerWrapper]   Force kill process on cancellation: 'True'
[2023-03-09 11:52:53Z INFO ProcessInvokerWrapper]   Redirected STDIN: 'False'
[2023-03-09 11:52:53Z INFO ProcessInvokerWrapper]   Persist current code page: 'False'
[2023-03-09 11:52:53Z INFO ProcessInvokerWrapper]   Keep redirected STDIN open: 'False'
[2023-03-09 11:52:53Z INFO ProcessInvokerWrapper]   High priority process: 'True'
[2023-03-09 11:52:53Z INFO ProcessInvokerWrapper] Process started with process id 20975, waiting for process exit.
[2023-03-09 11:52:53Z INFO JobDispatcher] Send job request message to worker for job a047640a-23da-5e9b-1ef8-917a09b3753a.
[2023-03-09 11:52:53Z INFO ProcessChannel] Sending message of length 23704, with hash '792d8ce88a5175b6a518267f21cb38798f2a415bc055287303d2a4654dbb132a'
[2023-03-09 11:52:53Z INFO JobNotification] Entering JobStarted Notification
[2023-03-09 11:52:53Z INFO JobNotification] Entering StartMonitor
[2023-03-09 11:53:05Z INFO ProcessInvokerWrapper] STDOUT/STDERR stream read finished.
[2023-03-09 11:53:05Z INFO ProcessInvokerWrapper] STDOUT/STDERR stream read finished.
[2023-03-09 11:53:05Z INFO ProcessInvokerWrapper] Finished process 20975 with exit code 102, and elapsed time 00:00:11.5134196.
[2023-03-09 11:53:05Z INFO JobDispatcher] Worker finished for job a047640a-23da-5e9b-1ef8-917a09b3753a. Code: 102
[2023-03-09 11:53:05Z INFO JobDispatcher] finish job request for job a047640a-23da-5e9b-1ef8-917a09b3753a with result: Failed
[2023-03-09 11:53:05Z INFO Terminal] WRITE LINE: 2023-03-09 11:53:05Z: Job full-test completed with result: Failed
[2023-03-09 11:53:05Z INFO JobDispatcher] Stop renew job request for job a047640a-23da-5e9b-1ef8-917a09b3753a.
[2023-03-09 11:53:05Z INFO JobDispatcher] job renew has been cancelled, stop renew job request 15.
[2023-03-09 11:53:05Z INFO JobNotification] Entering JobCompleted Notification
[2023-03-09 11:53:05Z INFO JobNotification] Entering EndMonitor
