[2023-03-09 09:55:54Z INFO HostContext] No proxy settings were found based on environmental variables (http_proxy/https_proxy/HTTP_PROXY/HTTPS_PROXY)
[2023-03-09 09:55:54Z INFO HostContext] Well known directory 'Bin': '/home/harrison/actions-runner/bin'
[2023-03-09 09:55:54Z INFO HostContext] Well known directory 'Root': '/home/harrison/actions-runner'
[2023-03-09 09:55:54Z INFO HostContext] Well known config file 'Credentials': '/home/harrison/actions-runner/.credentials'
[2023-03-09 09:55:54Z INFO HostContext] Well known directory 'Bin': '/home/harrison/actions-runner/bin'
[2023-03-09 09:55:54Z INFO HostContext] Well known directory 'Root': '/home/harrison/actions-runner'
[2023-03-09 09:55:54Z INFO HostContext] Well known config file 'Runner': '/home/harrison/actions-runner/.runner'
[2023-03-09 09:55:54Z INFO Listener] Runner is built for Linux (X64) - linux-x64.
[2023-03-09 09:55:54Z INFO Listener] RuntimeInformation: Linux 5.15.0-67-generic #74~20.04.1-Ubuntu SMP Wed Feb 22 14:52:34 UTC 2023.
[2023-03-09 09:55:54Z INFO Listener] Version: 2.302.1
[2023-03-09 09:55:54Z INFO Listener] Commit: b3492cb90f7a757c5a39196f956340fbbbae14d1
[2023-03-09 09:55:54Z INFO Listener] Culture: en-US
[2023-03-09 09:55:54Z INFO Listener] UI Culture: en-US
[2023-03-09 09:55:54Z INFO HostContext] Well known directory 'Bin': '/home/harrison/actions-runner/bin'
[2023-03-09 09:55:54Z INFO HostContext] Well known directory 'Root': '/home/harrison/actions-runner'
[2023-03-09 09:55:54Z INFO Listener] Validating directory permissions for: '/home/harrison/actions-runner'
[2023-03-09 09:55:54Z INFO CommandLineParser] Parse
[2023-03-09 09:55:54Z INFO CommandLineParser] Parsing 1 args
[2023-03-09 09:55:54Z INFO CommandLineParser] parsing argument
[2023-03-09 09:55:54Z INFO CommandLineParser] HasArgs: False
[2023-03-09 09:55:54Z INFO CommandLineParser] Adding Command: run
[2023-03-09 09:55:54Z INFO Listener] Arguments parsed
[2023-03-09 09:55:54Z INFO Runner] ExecuteCommand
[2023-03-09 09:55:54Z INFO ConfigurationStore] currentAssemblyLocation: /home/harrison/actions-runner/bin/Runner.Listener.dll
[2023-03-09 09:55:54Z INFO HostContext] Well known directory 'Bin': '/home/harrison/actions-runner/bin'
[2023-03-09 09:55:54Z INFO ConfigurationStore] binPath: /home/harrison/actions-runner/bin
[2023-03-09 09:55:54Z INFO HostContext] Well known directory 'Bin': '/home/harrison/actions-runner/bin'
[2023-03-09 09:55:54Z INFO HostContext] Well known directory 'Root': '/home/harrison/actions-runner'
[2023-03-09 09:55:54Z INFO ConfigurationStore] RootFolder: /home/harrison/actions-runner
[2023-03-09 09:55:54Z INFO HostContext] Well known directory 'Bin': '/home/harrison/actions-runner/bin'
[2023-03-09 09:55:54Z INFO HostContext] Well known directory 'Root': '/home/harrison/actions-runner'
[2023-03-09 09:55:54Z INFO HostContext] Well known config file 'Runner': '/home/harrison/actions-runner/.runner'
[2023-03-09 09:55:54Z INFO ConfigurationStore] ConfigFilePath: /home/harrison/actions-runner/.runner
[2023-03-09 09:55:54Z INFO HostContext] Well known directory 'Bin': '/home/harrison/actions-runner/bin'
[2023-03-09 09:55:54Z INFO HostContext] Well known directory 'Root': '/home/harrison/actions-runner'
[2023-03-09 09:55:54Z INFO HostContext] Well known config file 'Credentials': '/home/harrison/actions-runner/.credentials'
[2023-03-09 09:55:54Z INFO ConfigurationStore] CredFilePath: /home/harrison/actions-runner/.credentials
[2023-03-09 09:55:54Z INFO HostContext] Well known directory 'Bin': '/home/harrison/actions-runner/bin'
[2023-03-09 09:55:54Z INFO HostContext] Well known directory 'Root': '/home/harrison/actions-runner'
[2023-03-09 09:55:54Z INFO HostContext] Well known config file 'MigratedCredentials': '/home/harrison/actions-runner/.credentials_migrated'
[2023-03-09 09:55:54Z INFO ConfigurationStore] MigratedCredFilePath: /home/harrison/actions-runner/.credentials_migrated
[2023-03-09 09:55:54Z INFO HostContext] Well known directory 'Bin': '/home/harrison/actions-runner/bin'
[2023-03-09 09:55:54Z INFO HostContext] Well known directory 'Root': '/home/harrison/actions-runner'
[2023-03-09 09:55:54Z INFO HostContext] Well known config file 'Service': '/home/harrison/actions-runner/.service'
[2023-03-09 09:55:54Z INFO ConfigurationStore] ServiceConfigFilePath: /home/harrison/actions-runner/.service
[2023-03-09 09:55:54Z INFO CommandSettings] Flag 'help': 'False'
[2023-03-09 09:55:54Z INFO CommandSettings] Flag 'version': 'False'
[2023-03-09 09:55:54Z INFO CommandSettings] Flag 'commit': 'False'
[2023-03-09 09:55:54Z INFO CommandSettings] Flag 'check': 'False'
[2023-03-09 09:55:54Z INFO CommandSettings] Command 'configure': 'False'
[2023-03-09 09:55:54Z INFO CommandSettings] Command 'remove': 'False'
[2023-03-09 09:55:54Z INFO CommandSettings] Command 'warmup': 'False'
[2023-03-09 09:55:54Z INFO ConfigurationManager] LoadSettings
[2023-03-09 09:55:54Z INFO ConfigurationStore] IsConfigured()
[2023-03-09 09:55:54Z INFO ConfigurationStore] IsConfigured: True
[2023-03-09 09:55:54Z INFO ConfigurationManager] Is configured: True
[2023-03-09 09:55:54Z INFO ConfigurationStore] Read setting file: 315 chars
[2023-03-09 09:55:54Z INFO ConfigurationManager] Settings Loaded
[2023-03-09 09:55:54Z INFO ConfigurationStore] IsServiceConfigured()
[2023-03-09 09:55:54Z INFO ConfigurationStore] IsServiceConfigured: False
[2023-03-09 09:55:54Z INFO CommandSettings] Command 'run': 'True'
[2023-03-09 09:55:54Z INFO ConfigurationStore] IsConfigured()
[2023-03-09 09:55:54Z INFO ConfigurationStore] IsConfigured: True
[2023-03-09 09:55:54Z INFO ConfigurationManager] Is configured: True
[2023-03-09 09:55:54Z INFO Runner] Could not parse the argument value '' for StartupType. Defaulting to Manual
[2023-03-09 09:55:54Z INFO Runner] Set runner startup type - Manual
[2023-03-09 09:55:54Z INFO CommandSettings] Flag 'once': 'False'
[2023-03-09 09:55:54Z INFO CommandSettings] Flag 'once': 'False'
[2023-03-09 09:55:54Z INFO Runner] RunAsync
[2023-03-09 09:55:54Z INFO ConfigurationManager] LoadSettings
[2023-03-09 09:55:54Z INFO ConfigurationStore] IsConfigured()
[2023-03-09 09:55:54Z INFO ConfigurationStore] IsConfigured: True
[2023-03-09 09:55:54Z INFO ConfigurationManager] Is configured: True
[2023-03-09 09:55:54Z INFO ConfigurationManager] Settings Loaded
[2023-03-09 09:55:54Z INFO MessageListener] {
  "AgentId": 2,
  "AgentName": "harrison-VirtualBox",
  "PoolId": 1,
  "PoolName": "Default",
  "ServerUrl": "https://pipelines.actions.githubusercontent.com/31SbzDyHCDi90yffwOI86zoAPqMroYdWhIN2Cpadj0Zfo54cxT",
  "GitHubUrl": "https://github.com/cu-ecen-aeld/assignment-1-nightmare9527",
  "WorkFolder": "_work"
}
[2023-03-09 09:55:54Z INFO MessageListener] Loading Credentials
[2023-03-09 09:55:54Z INFO ConfigurationStore] HasCredentials()
[2023-03-09 09:55:54Z INFO ConfigurationStore] stored True
[2023-03-09 09:55:54Z INFO CredentialManager] GetCredentialProvider
[2023-03-09 09:55:54Z INFO CredentialManager] Creating type OAuth
[2023-03-09 09:55:54Z INFO CredentialManager] Creating credential type: OAuth
[2023-03-09 09:55:54Z INFO HostContext] Well known directory 'Bin': '/home/harrison/actions-runner/bin'
[2023-03-09 09:55:54Z INFO HostContext] Well known directory 'Root': '/home/harrison/actions-runner'
[2023-03-09 09:55:54Z INFO HostContext] Well known config file 'RSACredentials': '/home/harrison/actions-runner/.credentials_rsaparams'
[2023-03-09 09:55:54Z INFO RSAFileKeyManager] Loading RSA key parameters from file /home/harrison/actions-runner/.credentials_rsaparams
[2023-03-09 09:55:54Z INFO MessageListener] Attempt to create session.
[2023-03-09 09:55:54Z INFO MessageListener] Connecting to the Runner Server...
[2023-03-09 09:55:54Z INFO RunnerServer] EstablishVssConnection
[2023-03-09 09:55:54Z INFO RunnerServer] Establish connection with 100 seconds timeout.
[2023-03-09 09:55:54Z INFO GitHubActionsService] Starting operation Location.GetConnectionData
[2023-03-09 09:55:54Z INFO RunnerServer] EstablishVssConnection
[2023-03-09 09:55:54Z INFO RunnerServer] Establish connection with 60 seconds timeout.
[2023-03-09 09:55:54Z INFO GitHubActionsService] Starting operation Location.GetConnectionData
[2023-03-09 09:55:54Z INFO RunnerServer] EstablishVssConnection
[2023-03-09 09:55:54Z INFO RunnerServer] Establish connection with 60 seconds timeout.
[2023-03-09 09:55:54Z INFO GitHubActionsService] Starting operation Location.GetConnectionData
[2023-03-09 09:55:55Z INFO GitHubActionsService] Finished operation Location.GetConnectionData
[2023-03-09 09:55:55Z INFO GitHubActionsService] Finished operation Location.GetConnectionData
[2023-03-09 09:55:55Z INFO GitHubActionsService] Finished operation Location.GetConnectionData
[2023-03-09 09:55:55Z INFO GitHubActionsService] Starting operation Location.GetConnectionData
[2023-03-09 09:55:56Z INFO GitHubActionsService] Finished operation Location.GetConnectionData
[2023-03-09 09:55:56Z INFO GitHubActionsService] Starting operation Location.GetConnectionData
[2023-03-09 09:55:56Z INFO GitHubActionsService] Finished operation Location.GetConnectionData
[2023-03-09 09:55:56Z INFO MessageListener] VssConnection created
[2023-03-09 09:55:56Z INFO Terminal] WRITE LINE: 
[2023-03-09 09:55:56Z INFO Terminal] WRITE LINE: 
[2023-03-09 09:55:56Z INFO RSAFileKeyManager] Loading RSA key parameters from file /home/harrison/actions-runner/.credentials_rsaparams
[2023-03-09 09:55:56Z INFO RSAFileKeyManager] Loading RSA key parameters from file /home/harrison/actions-runner/.credentials_rsaparams
[2023-03-09 09:55:57Z INFO GitHubActionsService] AAD Correlation ID for this token request: Unknown
[2023-03-09 09:55:58Z INFO MessageListener] Session created.
[2023-03-09 09:55:58Z INFO Terminal] WRITE LINE: Current runner version: '2.302.1'
[2023-03-09 09:55:58Z INFO Terminal] WRITE LINE: 2023-03-09 09:55:58Z: Listening for Jobs
[2023-03-09 09:55:58Z INFO JobDispatcher] Set runner/worker IPC timeout to 30 seconds.
[2023-03-09 09:56:01Z INFO RSAFileKeyManager] Loading RSA key parameters from file /home/harrison/actions-runner/.credentials_rsaparams
[2023-03-09 09:56:01Z INFO MessageListener] Message '3' received from session '55973153-d805-4bd4-a83b-9e81389dcc01'.
[2023-03-09 09:56:01Z INFO Runner] Received job message of length 37509 from service, with hash 'ece5ba562cd39047b2a9dfb7b4efbc92ae4b97e55c8d86286420ba85edbd1e7f'
[2023-03-09 09:56:01Z INFO JobDispatcher] Job request 3 for plan ca25e456-409a-4481-a1f4-466d4ea7a16e job 0e10f8dd-85b5-5bee-19c6-47fc7db6f171 received.
[2023-03-09 09:56:01Z INFO JobDispatcher] Pull OrchestrationId ca25e456-409a-4481-a1f4-466d4ea7a16e.unit-test.__default from JWT claims
[2023-03-09 09:56:01Z INFO Terminal] WRITE LINE: 2023-03-09 09:56:01Z: Running job: unit-test
[2023-03-09 09:56:01Z INFO JobDispatcher] Start renew job request 3 for job 0e10f8dd-85b5-5bee-19c6-47fc7db6f171.
[2023-03-09 09:56:01Z INFO JobDispatcher] Successfully renew job request 3, job is valid till 3/9/2023 10:06:01 AM
[2023-03-09 09:56:01Z INFO HostContext] Well known directory 'Bin': '/home/harrison/actions-runner/bin'
[2023-03-09 09:56:01Z INFO ProcessInvokerWrapper] Starting process:
[2023-03-09 09:56:01Z INFO ProcessInvokerWrapper]   File name: '/home/harrison/actions-runner/bin/Runner.Worker'
[2023-03-09 09:56:01Z INFO ProcessInvokerWrapper]   Arguments: 'spawnclient 108 111'
[2023-03-09 09:56:01Z INFO ProcessInvokerWrapper]   Working directory: '/home/harrison/actions-runner/bin'
[2023-03-09 09:56:01Z INFO ProcessInvokerWrapper]   Require exit code zero: 'False'
[2023-03-09 09:56:01Z INFO ProcessInvokerWrapper]   Encoding web name:  ; code page: ''
[2023-03-09 09:56:01Z INFO ProcessInvokerWrapper]   Force kill process on cancellation: 'True'
[2023-03-09 09:56:01Z INFO ProcessInvokerWrapper]   Redirected STDIN: 'False'
[2023-03-09 09:56:01Z INFO ProcessInvokerWrapper]   Persist current code page: 'False'
[2023-03-09 09:56:01Z INFO ProcessInvokerWrapper]   Keep redirected STDIN open: 'False'
[2023-03-09 09:56:01Z INFO ProcessInvokerWrapper]   High priority process: 'True'
[2023-03-09 09:56:01Z INFO ProcessInvokerWrapper] Process started with process id 5628, waiting for process exit.
[2023-03-09 09:56:01Z INFO JobDispatcher] Send job request message to worker for job 0e10f8dd-85b5-5bee-19c6-47fc7db6f171.
[2023-03-09 09:56:01Z INFO ProcessChannel] Sending message of length 37509, with hash 'ece5ba562cd39047b2a9dfb7b4efbc92ae4b97e55c8d86286420ba85edbd1e7f'
[2023-03-09 09:56:02Z INFO JobNotification] Entering JobStarted Notification
[2023-03-09 09:56:02Z INFO JobNotification] Entering StartMonitor
[2023-03-09 09:57:01Z INFO ProcessInvokerWrapper] STDOUT/STDERR stream read finished.
[2023-03-09 09:57:01Z INFO ProcessInvokerWrapper] STDOUT/STDERR stream read finished.
[2023-03-09 09:57:01Z INFO ProcessInvokerWrapper] Finished process 5628 with exit code 102, and elapsed time 00:00:59.2114101.
[2023-03-09 09:57:01Z INFO JobDispatcher] Worker finished for job 0e10f8dd-85b5-5bee-19c6-47fc7db6f171. Code: 102
[2023-03-09 09:57:01Z INFO JobDispatcher] finish job request for job 0e10f8dd-85b5-5bee-19c6-47fc7db6f171 with result: Failed
[2023-03-09 09:57:01Z INFO Terminal] WRITE LINE: 2023-03-09 09:57:01Z: Job unit-test completed with result: Failed
[2023-03-09 09:57:01Z INFO JobDispatcher] Stop renew job request for job 0e10f8dd-85b5-5bee-19c6-47fc7db6f171.
[2023-03-09 09:57:01Z INFO JobDispatcher] job renew has been cancelled, stop renew job request 3.
[2023-03-09 09:57:01Z INFO JobNotification] Entering JobCompleted Notification
[2023-03-09 09:57:01Z INFO JobNotification] Entering EndMonitor
[2023-03-09 10:10:26Z INFO RSAFileKeyManager] Loading RSA key parameters from file /home/harrison/actions-runner/.credentials_rsaparams
[2023-03-09 10:10:26Z INFO MessageListener] Message '4' received from session '55973153-d805-4bd4-a83b-9e81389dcc01'.
[2023-03-09 10:10:26Z INFO Runner] Received job message of length 37511 from service, with hash '93d0d1be5947c3f166e2ccfd6f1f45b5d911a72ed8bfb49dfd6ed921c6dbf531'
[2023-03-09 10:10:26Z INFO JobDispatcher] Job request 4 for plan 659e8012-08be-4acd-ba7b-488a9cf51e70 job a047640a-23da-5e9b-1ef8-917a09b3753a received.
[2023-03-09 10:10:26Z INFO JobDispatcher] Pull OrchestrationId 659e8012-08be-4acd-ba7b-488a9cf51e70.full-test.__default from JWT claims
[2023-03-09 10:10:26Z INFO JobDispatcher] Job request 0e10f8dd-85b5-5bee-19c6-47fc7db6f171 processed succeed.
[2023-03-09 10:10:26Z INFO Terminal] WRITE LINE: 2023-03-09 10:10:26Z: Running job: full-test
[2023-03-09 10:10:26Z INFO JobDispatcher] Start renew job request 4 for job a047640a-23da-5e9b-1ef8-917a09b3753a.
[2023-03-09 10:10:28Z INFO JobDispatcher] Successfully renew job request 4, job is valid till 3/9/2023 10:20:27 AM
[2023-03-09 10:10:28Z INFO HostContext] Well known directory 'Bin': '/home/harrison/actions-runner/bin'
[2023-03-09 10:10:28Z INFO ProcessInvokerWrapper] Starting process:
[2023-03-09 10:10:28Z INFO ProcessInvokerWrapper]   File name: '/home/harrison/actions-runner/bin/Runner.Worker'
[2023-03-09 10:10:28Z INFO ProcessInvokerWrapper]   Arguments: 'spawnclient 99 114'
[2023-03-09 10:10:28Z INFO ProcessInvokerWrapper]   Working directory: '/home/harrison/actions-runner/bin'
[2023-03-09 10:10:28Z INFO ProcessInvokerWrapper]   Require exit code zero: 'False'
[2023-03-09 10:10:28Z INFO ProcessInvokerWrapper]   Encoding web name:  ; code page: ''
[2023-03-09 10:10:28Z INFO ProcessInvokerWrapper]   Force kill process on cancellation: 'True'
[2023-03-09 10:10:28Z INFO ProcessInvokerWrapper]   Redirected STDIN: 'False'
[2023-03-09 10:10:28Z INFO ProcessInvokerWrapper]   Persist current code page: 'False'
[2023-03-09 10:10:28Z INFO ProcessInvokerWrapper]   Keep redirected STDIN open: 'False'
[2023-03-09 10:10:28Z INFO ProcessInvokerWrapper]   High priority process: 'True'
[2023-03-09 10:10:28Z INFO ProcessInvokerWrapper] Process started with process id 7742, waiting for process exit.
[2023-03-09 10:10:28Z INFO JobDispatcher] Send job request message to worker for job a047640a-23da-5e9b-1ef8-917a09b3753a.
[2023-03-09 10:10:28Z INFO ProcessChannel] Sending message of length 37511, with hash '93d0d1be5947c3f166e2ccfd6f1f45b5d911a72ed8bfb49dfd6ed921c6dbf531'
[2023-03-09 10:10:28Z INFO JobNotification] Entering JobStarted Notification
[2023-03-09 10:10:28Z INFO JobNotification] Entering StartMonitor
[2023-03-09 10:10:48Z INFO ProcessInvokerWrapper] STDOUT/STDERR stream read finished.
[2023-03-09 10:10:48Z INFO ProcessInvokerWrapper] STDOUT/STDERR stream read finished.
[2023-03-09 10:10:48Z INFO ProcessInvokerWrapper] Finished process 7742 with exit code 102, and elapsed time 00:00:20.1234306.
[2023-03-09 10:10:48Z INFO JobDispatcher] Worker finished for job a047640a-23da-5e9b-1ef8-917a09b3753a. Code: 102
[2023-03-09 10:10:48Z INFO JobDispatcher] finish job request for job a047640a-23da-5e9b-1ef8-917a09b3753a with result: Failed
[2023-03-09 10:10:48Z INFO Terminal] WRITE LINE: 2023-03-09 10:10:48Z: Job full-test completed with result: Failed
[2023-03-09 10:10:48Z INFO JobDispatcher] Stop renew job request for job a047640a-23da-5e9b-1ef8-917a09b3753a.
[2023-03-09 10:10:48Z INFO JobDispatcher] job renew has been cancelled, stop renew job request 4.
[2023-03-09 10:10:48Z INFO JobNotification] Entering JobCompleted Notification
[2023-03-09 10:10:48Z INFO JobNotification] Entering EndMonitor
[2023-03-09 10:11:18Z INFO RSAFileKeyManager] Loading RSA key parameters from file /home/harrison/actions-runner/.credentials_rsaparams
[2023-03-09 10:11:18Z INFO MessageListener] Message '5' received from session '55973153-d805-4bd4-a83b-9e81389dcc01'.
[2023-03-09 10:11:18Z INFO Runner] Received job message of length 37509 from service, with hash '8d187cd4e9a11f8eedb27800af44f0c2ad88e125bcd260d6e92a70da7e04de37'
[2023-03-09 10:11:18Z INFO JobDispatcher] Job request 5 for plan c24a1281-47cf-4d81-adfd-f5f9f350da9e job 0e10f8dd-85b5-5bee-19c6-47fc7db6f171 received.
[2023-03-09 10:11:18Z INFO JobDispatcher] Pull OrchestrationId c24a1281-47cf-4d81-adfd-f5f9f350da9e.unit-test.__default from JWT claims
[2023-03-09 10:11:18Z INFO JobDispatcher] Job request a047640a-23da-5e9b-1ef8-917a09b3753a processed succeed.
[2023-03-09 10:11:18Z INFO Terminal] WRITE LINE: 2023-03-09 10:11:18Z: Running job: unit-test
[2023-03-09 10:11:18Z INFO JobDispatcher] Start renew job request 5 for job 0e10f8dd-85b5-5bee-19c6-47fc7db6f171.
[2023-03-09 10:11:18Z INFO JobDispatcher] Successfully renew job request 5, job is valid till 3/9/2023 10:21:18 AM
[2023-03-09 10:11:18Z INFO HostContext] Well known directory 'Bin': '/home/harrison/actions-runner/bin'
[2023-03-09 10:11:18Z INFO ProcessInvokerWrapper] Starting process:
[2023-03-09 10:11:18Z INFO ProcessInvokerWrapper]   File name: '/home/harrison/actions-runner/bin/Runner.Worker'
[2023-03-09 10:11:18Z INFO ProcessInvokerWrapper]   Arguments: 'spawnclient 99 114'
[2023-03-09 10:11:18Z INFO ProcessInvokerWrapper]   Working directory: '/home/harrison/actions-runner/bin'
[2023-03-09 10:11:18Z INFO ProcessInvokerWrapper]   Require exit code zero: 'False'
[2023-03-09 10:11:18Z INFO ProcessInvokerWrapper]   Encoding web name:  ; code page: ''
[2023-03-09 10:11:18Z INFO ProcessInvokerWrapper]   Force kill process on cancellation: 'True'
[2023-03-09 10:11:18Z INFO ProcessInvokerWrapper]   Redirected STDIN: 'False'
[2023-03-09 10:11:18Z INFO ProcessInvokerWrapper]   Persist current code page: 'False'
[2023-03-09 10:11:18Z INFO ProcessInvokerWrapper]   Keep redirected STDIN open: 'False'
[2023-03-09 10:11:18Z INFO ProcessInvokerWrapper]   High priority process: 'True'
[2023-03-09 10:11:18Z INFO ProcessInvokerWrapper] Process started with process id 9114, waiting for process exit.
[2023-03-09 10:11:18Z INFO JobDispatcher] Send job request message to worker for job 0e10f8dd-85b5-5bee-19c6-47fc7db6f171.
[2023-03-09 10:11:18Z INFO ProcessChannel] Sending message of length 37509, with hash '8d187cd4e9a11f8eedb27800af44f0c2ad88e125bcd260d6e92a70da7e04de37'
[2023-03-09 10:11:18Z INFO JobNotification] Entering JobStarted Notification
[2023-03-09 10:11:18Z INFO JobNotification] Entering StartMonitor
[2023-03-09 10:11:37Z INFO ProcessInvokerWrapper] STDOUT/STDERR stream read finished.
[2023-03-09 10:11:37Z INFO ProcessInvokerWrapper] STDOUT/STDERR stream read finished.
[2023-03-09 10:11:37Z INFO ProcessInvokerWrapper] Finished process 9114 with exit code 102, and elapsed time 00:00:19.3567440.
[2023-03-09 10:11:37Z INFO JobDispatcher] Worker finished for job 0e10f8dd-85b5-5bee-19c6-47fc7db6f171. Code: 102
[2023-03-09 10:11:37Z INFO JobDispatcher] finish job request for job 0e10f8dd-85b5-5bee-19c6-47fc7db6f171 with result: Failed
[2023-03-09 10:11:37Z INFO Terminal] WRITE LINE: 2023-03-09 10:11:37Z: Job unit-test completed with result: Failed
[2023-03-09 10:11:37Z INFO JobDispatcher] Stop renew job request for job 0e10f8dd-85b5-5bee-19c6-47fc7db6f171.
[2023-03-09 10:11:37Z INFO JobDispatcher] job renew has been cancelled, stop renew job request 5.
[2023-03-09 10:11:37Z INFO JobNotification] Entering JobCompleted Notification
[2023-03-09 10:11:37Z INFO JobNotification] Entering EndMonitor
