[2023-03-04 13:33:52Z INFO HostContext] No proxy settings were found based on environmental variables (http_proxy/https_proxy/HTTP_PROXY/HTTPS_PROXY)
[2023-03-04 13:33:52Z INFO HostContext] Well known directory 'Bin': '/home/harrison/assignment-1-nightmare9527/actions-runner/bin'
[2023-03-04 13:33:52Z INFO HostContext] Well known directory 'Root': '/home/harrison/assignment-1-nightmare9527/actions-runner'
[2023-03-04 13:33:52Z INFO HostContext] Well known config file 'Credentials': '/home/harrison/assignment-1-nightmare9527/actions-runner/.credentials'
[2023-03-04 13:33:52Z INFO HostContext] Well known directory 'Bin': '/home/harrison/assignment-1-nightmare9527/actions-runner/bin'
[2023-03-04 13:33:52Z INFO HostContext] Well known directory 'Root': '/home/harrison/assignment-1-nightmare9527/actions-runner'
[2023-03-04 13:33:52Z INFO HostContext] Well known config file 'Runner': '/home/harrison/assignment-1-nightmare9527/actions-runner/.runner'
[2023-03-04 13:33:52Z INFO Listener] Runner is built for Linux (X64) - linux-x64.
[2023-03-04 13:33:52Z INFO Listener] RuntimeInformation: Linux 5.15.0-60-generic #66~20.04.1-Ubuntu SMP Wed Jan 25 09:41:30 UTC 2023.
[2023-03-04 13:33:52Z INFO Listener] Version: 2.302.1
[2023-03-04 13:33:52Z INFO Listener] Commit: b3492cb90f7a757c5a39196f956340fbbbae14d1
[2023-03-04 13:33:52Z INFO Listener] Culture: en-US
[2023-03-04 13:33:52Z INFO Listener] UI Culture: en-US
[2023-03-04 13:33:52Z INFO HostContext] Well known directory 'Bin': '/home/harrison/assignment-1-nightmare9527/actions-runner/bin'
[2023-03-04 13:33:52Z INFO HostContext] Well known directory 'Root': '/home/harrison/assignment-1-nightmare9527/actions-runner'
[2023-03-04 13:33:52Z INFO Listener] Validating directory permissions for: '/home/harrison/assignment-1-nightmare9527/actions-runner'
[2023-03-04 13:33:52Z INFO CommandLineParser] Parse
[2023-03-04 13:33:52Z INFO CommandLineParser] Parsing 1 args
[2023-03-04 13:33:52Z INFO CommandLineParser] parsing argument
[2023-03-04 13:33:52Z INFO CommandLineParser] HasArgs: False
[2023-03-04 13:33:52Z INFO CommandLineParser] Adding Command: run
[2023-03-04 13:33:52Z INFO Listener] Arguments parsed
[2023-03-04 13:33:52Z INFO Runner] ExecuteCommand
[2023-03-04 13:33:52Z INFO ConfigurationStore] currentAssemblyLocation: /home/harrison/assignment-1-nightmare9527/actions-runner/bin/Runner.Listener.dll
[2023-03-04 13:33:52Z INFO HostContext] Well known directory 'Bin': '/home/harrison/assignment-1-nightmare9527/actions-runner/bin'
[2023-03-04 13:33:52Z INFO ConfigurationStore] binPath: /home/harrison/assignment-1-nightmare9527/actions-runner/bin
[2023-03-04 13:33:52Z INFO HostContext] Well known directory 'Bin': '/home/harrison/assignment-1-nightmare9527/actions-runner/bin'
[2023-03-04 13:33:52Z INFO HostContext] Well known directory 'Root': '/home/harrison/assignment-1-nightmare9527/actions-runner'
[2023-03-04 13:33:52Z INFO ConfigurationStore] RootFolder: /home/harrison/assignment-1-nightmare9527/actions-runner
[2023-03-04 13:33:52Z INFO HostContext] Well known directory 'Bin': '/home/harrison/assignment-1-nightmare9527/actions-runner/bin'
[2023-03-04 13:33:52Z INFO HostContext] Well known directory 'Root': '/home/harrison/assignment-1-nightmare9527/actions-runner'
[2023-03-04 13:33:52Z INFO HostContext] Well known config file 'Runner': '/home/harrison/assignment-1-nightmare9527/actions-runner/.runner'
[2023-03-04 13:33:52Z INFO ConfigurationStore] ConfigFilePath: /home/harrison/assignment-1-nightmare9527/actions-runner/.runner
[2023-03-04 13:33:52Z INFO HostContext] Well known directory 'Bin': '/home/harrison/assignment-1-nightmare9527/actions-runner/bin'
[2023-03-04 13:33:52Z INFO HostContext] Well known directory 'Root': '/home/harrison/assignment-1-nightmare9527/actions-runner'
[2023-03-04 13:33:52Z INFO HostContext] Well known config file 'Credentials': '/home/harrison/assignment-1-nightmare9527/actions-runner/.credentials'
[2023-03-04 13:33:52Z INFO ConfigurationStore] CredFilePath: /home/harrison/assignment-1-nightmare9527/actions-runner/.credentials
[2023-03-04 13:33:52Z INFO HostContext] Well known directory 'Bin': '/home/harrison/assignment-1-nightmare9527/actions-runner/bin'
[2023-03-04 13:33:52Z INFO HostContext] Well known directory 'Root': '/home/harrison/assignment-1-nightmare9527/actions-runner'
[2023-03-04 13:33:52Z INFO HostContext] Well known config file 'MigratedCredentials': '/home/harrison/assignment-1-nightmare9527/actions-runner/.credentials_migrated'
[2023-03-04 13:33:52Z INFO ConfigurationStore] MigratedCredFilePath: /home/harrison/assignment-1-nightmare9527/actions-runner/.credentials_migrated
[2023-03-04 13:33:52Z INFO HostContext] Well known directory 'Bin': '/home/harrison/assignment-1-nightmare9527/actions-runner/bin'
[2023-03-04 13:33:52Z INFO HostContext] Well known directory 'Root': '/home/harrison/assignment-1-nightmare9527/actions-runner'
[2023-03-04 13:33:52Z INFO HostContext] Well known config file 'Service': '/home/harrison/assignment-1-nightmare9527/actions-runner/.service'
[2023-03-04 13:33:52Z INFO ConfigurationStore] ServiceConfigFilePath: /home/harrison/assignment-1-nightmare9527/actions-runner/.service
[2023-03-04 13:33:52Z INFO CommandSettings] Flag 'help': 'False'
[2023-03-04 13:33:52Z INFO CommandSettings] Flag 'version': 'False'
[2023-03-04 13:33:52Z INFO CommandSettings] Flag 'commit': 'False'
[2023-03-04 13:33:52Z INFO CommandSettings] Flag 'check': 'False'
[2023-03-04 13:33:52Z INFO CommandSettings] Command 'configure': 'False'
[2023-03-04 13:33:52Z INFO CommandSettings] Command 'remove': 'False'
[2023-03-04 13:33:52Z INFO CommandSettings] Command 'warmup': 'False'
[2023-03-04 13:33:52Z INFO ConfigurationManager] LoadSettings
[2023-03-04 13:33:52Z INFO ConfigurationStore] IsConfigured()
[2023-03-04 13:33:52Z INFO ConfigurationStore] IsConfigured: True
[2023-03-04 13:33:52Z INFO ConfigurationManager] Is configured: True
[2023-03-04 13:33:52Z INFO ConfigurationStore] Read setting file: 315 chars
[2023-03-04 13:33:52Z INFO ConfigurationManager] Settings Loaded
[2023-03-04 13:33:52Z INFO ConfigurationStore] IsServiceConfigured()
[2023-03-04 13:33:52Z INFO ConfigurationStore] IsServiceConfigured: False
[2023-03-04 13:33:52Z INFO CommandSettings] Command 'run': 'True'
[2023-03-04 13:33:52Z INFO ConfigurationStore] IsConfigured()
[2023-03-04 13:33:52Z INFO ConfigurationStore] IsConfigured: True
[2023-03-04 13:33:52Z INFO ConfigurationManager] Is configured: True
[2023-03-04 13:33:52Z INFO Runner] Could not parse the argument value '' for StartupType. Defaulting to Manual
[2023-03-04 13:33:52Z INFO Runner] Set runner startup type - Manual
[2023-03-04 13:33:52Z INFO CommandSettings] Flag 'once': 'False'
[2023-03-04 13:33:52Z INFO CommandSettings] Flag 'once': 'False'
[2023-03-04 13:33:52Z INFO Runner] RunAsync
[2023-03-04 13:33:52Z INFO ConfigurationManager] LoadSettings
[2023-03-04 13:33:52Z INFO ConfigurationStore] IsConfigured()
[2023-03-04 13:33:52Z INFO ConfigurationStore] IsConfigured: True
[2023-03-04 13:33:52Z INFO ConfigurationManager] Is configured: True
[2023-03-04 13:33:52Z INFO ConfigurationManager] Settings Loaded
[2023-03-04 13:33:52Z INFO MessageListener] {
  "AgentId": 2,
  "AgentName": "harrison-VirtualBox",
  "PoolId": 1,
  "PoolName": "Default",
  "ServerUrl": "https://pipelines.actions.githubusercontent.com/31SbzDyHCDi90yffwOI86zoAPqMroYdWhIN2Cpadj0Zfo54cxT",
  "GitHubUrl": "https://github.com/cu-ecen-aeld/assignment-1-nightmare9527",
  "WorkFolder": "_work"
}
[2023-03-04 13:33:52Z INFO MessageListener] Loading Credentials
[2023-03-04 13:33:52Z INFO ConfigurationStore] HasCredentials()
[2023-03-04 13:33:52Z INFO ConfigurationStore] stored True
[2023-03-04 13:33:52Z INFO CredentialManager] GetCredentialProvider
[2023-03-04 13:33:52Z INFO CredentialManager] Creating type OAuth
[2023-03-04 13:33:52Z INFO CredentialManager] Creating credential type: OAuth
[2023-03-04 13:33:52Z INFO HostContext] Well known directory 'Bin': '/home/harrison/assignment-1-nightmare9527/actions-runner/bin'
[2023-03-04 13:33:52Z INFO HostContext] Well known directory 'Root': '/home/harrison/assignment-1-nightmare9527/actions-runner'
[2023-03-04 13:33:52Z INFO HostContext] Well known config file 'RSACredentials': '/home/harrison/assignment-1-nightmare9527/actions-runner/.credentials_rsaparams'
[2023-03-04 13:33:52Z INFO RSAFileKeyManager] Loading RSA key parameters from file /home/harrison/assignment-1-nightmare9527/actions-runner/.credentials_rsaparams
[2023-03-04 13:33:52Z INFO MessageListener] Attempt to create session.
[2023-03-04 13:33:52Z INFO MessageListener] Connecting to the Runner Server...
[2023-03-04 13:33:52Z INFO RunnerServer] EstablishVssConnection
[2023-03-04 13:33:52Z INFO RunnerServer] Establish connection with 100 seconds timeout.
[2023-03-04 13:33:52Z INFO GitHubActionsService] Starting operation Location.GetConnectionData
[2023-03-04 13:33:52Z INFO RunnerServer] EstablishVssConnection
[2023-03-04 13:33:52Z INFO RunnerServer] Establish connection with 60 seconds timeout.
[2023-03-04 13:33:52Z INFO GitHubActionsService] Starting operation Location.GetConnectionData
[2023-03-04 13:33:52Z INFO RunnerServer] EstablishVssConnection
[2023-03-04 13:33:52Z INFO RunnerServer] Establish connection with 60 seconds timeout.
[2023-03-04 13:33:52Z INFO GitHubActionsService] Starting operation Location.GetConnectionData
[2023-03-04 13:33:53Z INFO GitHubActionsService] Finished operation Location.GetConnectionData
[2023-03-04 13:33:53Z INFO GitHubActionsService] Finished operation Location.GetConnectionData
[2023-03-04 13:33:53Z INFO GitHubActionsService] Finished operation Location.GetConnectionData
[2023-03-04 13:33:53Z INFO MessageListener] VssConnection created
[2023-03-04 13:33:53Z INFO Terminal] WRITE LINE: 
[2023-03-04 13:33:53Z INFO Terminal] WRITE LINE: 
[2023-03-04 13:33:53Z INFO RSAFileKeyManager] Loading RSA key parameters from file /home/harrison/assignment-1-nightmare9527/actions-runner/.credentials_rsaparams
[2023-03-04 13:33:53Z INFO RSAFileKeyManager] Loading RSA key parameters from file /home/harrison/assignment-1-nightmare9527/actions-runner/.credentials_rsaparams
[2023-03-04 13:33:54Z INFO GitHubActionsService] AAD Correlation ID for this token request: Unknown
[2023-03-04 13:33:54Z INFO MessageListener] Session created.
[2023-03-04 13:33:54Z INFO Terminal] WRITE LINE: Current runner version: '2.302.1'
[2023-03-04 13:33:54Z INFO Terminal] WRITE LINE: 2023-03-04 13:33:54Z: Listening for Jobs
[2023-03-04 13:33:54Z INFO JobDispatcher] Set runner/worker IPC timeout to 30 seconds.
[2023-03-04 13:35:17Z INFO Terminal] WRITE LINE: Exiting...
[2023-03-04 13:35:17Z INFO ConfigurationStore] IsServiceConfigured()
[2023-03-04 13:35:17Z INFO ConfigurationStore] IsServiceConfigured: False
[2023-03-04 13:35:17Z INFO HostContext] Runner will be shutdown for UserCancelled
[2023-03-04 13:35:17Z WARN GitHubActionsService] GET request to https://pipelines.actions.githubusercontent.com/31SbzDyHCDi90yffwOI86zoAPqMroYdWhIN2Cpadj0Zfo54cxT/_apis/distributedtask/pools/1/messages?sessionId=0fea0142-d1d8-4c36-a25c-b0621be9ffcc&status=Online&runnerVersion=2.302.1 has been cancelled.
[2023-03-04 13:35:17Z INFO MessageListener] Get next message has been cancelled.
[2023-03-04 13:35:17Z INFO JobDispatcher] Shutting down JobDispatcher. Make sure all WorkerDispatcher has finished.
[2023-03-04 13:35:18Z INFO Listener] Runner execution been cancelled.
