[2023-03-09 10:10:53Z INFO HostContext] No proxy settings were found based on environmental variables (http_proxy/https_proxy/HTTP_PROXY/HTTPS_PROXY)
[2023-03-09 10:10:53Z INFO HostContext] Well known directory 'Bin': '/home/harrison/actions-runner/bin'
[2023-03-09 10:10:53Z INFO HostContext] Well known directory 'Root': '/home/harrison/actions-runner'
[2023-03-09 10:10:53Z INFO HostContext] Well known config file 'Credentials': '/home/harrison/actions-runner/.credentials'
[2023-03-09 10:10:53Z INFO HostContext] Well known directory 'Bin': '/home/harrison/actions-runner/bin'
[2023-03-09 10:10:53Z INFO HostContext] Well known directory 'Root': '/home/harrison/actions-runner'
[2023-03-09 10:10:53Z INFO HostContext] Well known config file 'Runner': '/home/harrison/actions-runner/.runner'
[2023-03-09 10:10:53Z INFO Listener] Runner is built for Linux (X64) - linux-x64.
[2023-03-09 10:10:53Z INFO Listener] RuntimeInformation: Linux 5.15.0-67-generic #74~20.04.1-Ubuntu SMP Wed Feb 22 14:52:34 UTC 2023.
[2023-03-09 10:10:53Z INFO Listener] Version: 2.302.1
[2023-03-09 10:10:53Z INFO Listener] Commit: b3492cb90f7a757c5a39196f956340fbbbae14d1
[2023-03-09 10:10:53Z INFO Listener] Culture: en-US
[2023-03-09 10:10:53Z INFO Listener] UI Culture: en-US
[2023-03-09 10:10:53Z INFO HostContext] Well known directory 'Bin': '/home/harrison/actions-runner/bin'
[2023-03-09 10:10:53Z INFO HostContext] Well known directory 'Root': '/home/harrison/actions-runner'
[2023-03-09 10:10:53Z INFO Listener] Validating directory permissions for: '/home/harrison/actions-runner'
[2023-03-09 10:10:53Z INFO CommandLineParser] Parse
[2023-03-09 10:10:53Z INFO CommandLineParser] Parsing 1 args
[2023-03-09 10:10:53Z INFO CommandLineParser] parsing argument
[2023-03-09 10:10:53Z INFO CommandLineParser] HasArgs: False
[2023-03-09 10:10:53Z INFO CommandLineParser] Adding Command: run
[2023-03-09 10:10:53Z INFO Listener] Arguments parsed
[2023-03-09 10:10:53Z INFO Runner] ExecuteCommand
[2023-03-09 10:10:53Z INFO ConfigurationStore] currentAssemblyLocation: /home/harrison/actions-runner/bin/Runner.Listener.dll
[2023-03-09 10:10:53Z INFO HostContext] Well known directory 'Bin': '/home/harrison/actions-runner/bin'
[2023-03-09 10:10:53Z INFO ConfigurationStore] binPath: /home/harrison/actions-runner/bin
[2023-03-09 10:10:53Z INFO HostContext] Well known directory 'Bin': '/home/harrison/actions-runner/bin'
[2023-03-09 10:10:53Z INFO HostContext] Well known directory 'Root': '/home/harrison/actions-runner'
[2023-03-09 10:10:53Z INFO ConfigurationStore] RootFolder: /home/harrison/actions-runner
[2023-03-09 10:10:53Z INFO HostContext] Well known directory 'Bin': '/home/harrison/actions-runner/bin'
[2023-03-09 10:10:53Z INFO HostContext] Well known directory 'Root': '/home/harrison/actions-runner'
[2023-03-09 10:10:53Z INFO HostContext] Well known config file 'Runner': '/home/harrison/actions-runner/.runner'
[2023-03-09 10:10:53Z INFO ConfigurationStore] ConfigFilePath: /home/harrison/actions-runner/.runner
[2023-03-09 10:10:53Z INFO HostContext] Well known directory 'Bin': '/home/harrison/actions-runner/bin'
[2023-03-09 10:10:53Z INFO HostContext] Well known directory 'Root': '/home/harrison/actions-runner'
[2023-03-09 10:10:53Z INFO HostContext] Well known config file 'Credentials': '/home/harrison/actions-runner/.credentials'
[2023-03-09 10:10:53Z INFO ConfigurationStore] CredFilePath: /home/harrison/actions-runner/.credentials
[2023-03-09 10:10:53Z INFO HostContext] Well known directory 'Bin': '/home/harrison/actions-runner/bin'
[2023-03-09 10:10:53Z INFO HostContext] Well known directory 'Root': '/home/harrison/actions-runner'
[2023-03-09 10:10:53Z INFO HostContext] Well known config file 'MigratedCredentials': '/home/harrison/actions-runner/.credentials_migrated'
[2023-03-09 10:10:53Z INFO ConfigurationStore] MigratedCredFilePath: /home/harrison/actions-runner/.credentials_migrated
[2023-03-09 10:10:53Z INFO HostContext] Well known directory 'Bin': '/home/harrison/actions-runner/bin'
[2023-03-09 10:10:53Z INFO HostContext] Well known directory 'Root': '/home/harrison/actions-runner'
[2023-03-09 10:10:53Z INFO HostContext] Well known config file 'Service': '/home/harrison/actions-runner/.service'
[2023-03-09 10:10:53Z INFO ConfigurationStore] ServiceConfigFilePath: /home/harrison/actions-runner/.service
[2023-03-09 10:10:53Z INFO CommandSettings] Flag 'help': 'False'
[2023-03-09 10:10:53Z INFO CommandSettings] Flag 'version': 'False'
[2023-03-09 10:10:53Z INFO CommandSettings] Flag 'commit': 'False'
[2023-03-09 10:10:53Z INFO CommandSettings] Flag 'check': 'False'
[2023-03-09 10:10:53Z INFO CommandSettings] Command 'configure': 'False'
[2023-03-09 10:10:53Z INFO CommandSettings] Command 'remove': 'False'
[2023-03-09 10:10:53Z INFO CommandSettings] Command 'warmup': 'False'
[2023-03-09 10:10:53Z INFO ConfigurationManager] LoadSettings
[2023-03-09 10:10:53Z INFO ConfigurationStore] IsConfigured()
[2023-03-09 10:10:53Z INFO ConfigurationStore] IsConfigured: True
[2023-03-09 10:10:53Z INFO ConfigurationManager] Is configured: True
[2023-03-09 10:10:53Z INFO ConfigurationStore] Read setting file: 315 chars
[2023-03-09 10:10:53Z INFO ConfigurationManager] Settings Loaded
[2023-03-09 10:10:53Z INFO ConfigurationStore] IsServiceConfigured()
[2023-03-09 10:10:53Z INFO ConfigurationStore] IsServiceConfigured: False
[2023-03-09 10:10:53Z INFO CommandSettings] Command 'run': 'True'
[2023-03-09 10:10:53Z INFO ConfigurationStore] IsConfigured()
[2023-03-09 10:10:53Z INFO ConfigurationStore] IsConfigured: True
[2023-03-09 10:10:53Z INFO ConfigurationManager] Is configured: True
[2023-03-09 10:10:53Z INFO Runner] Could not parse the argument value '' for StartupType. Defaulting to Manual
[2023-03-09 10:10:53Z INFO Runner] Set runner startup type - Manual
[2023-03-09 10:10:53Z INFO CommandSettings] Flag 'once': 'False'
[2023-03-09 10:10:53Z INFO CommandSettings] Flag 'once': 'False'
[2023-03-09 10:10:53Z INFO Runner] RunAsync
[2023-03-09 10:10:53Z INFO ConfigurationManager] LoadSettings
[2023-03-09 10:10:53Z INFO ConfigurationStore] IsConfigured()
[2023-03-09 10:10:53Z INFO ConfigurationStore] IsConfigured: True
[2023-03-09 10:10:53Z INFO ConfigurationManager] Is configured: True
[2023-03-09 10:10:53Z INFO ConfigurationManager] Settings Loaded
[2023-03-09 10:10:53Z INFO MessageListener] {
  "AgentId": 2,
  "AgentName": "harrison-VirtualBox",
  "PoolId": 1,
  "PoolName": "Default",
  "ServerUrl": "https://pipelines.actions.githubusercontent.com/31SbzDyHCDi90yffwOI86zoAPqMroYdWhIN2Cpadj0Zfo54cxT",
  "GitHubUrl": "https://github.com/cu-ecen-aeld/assignment-1-nightmare9527",
  "WorkFolder": "_work"
}
[2023-03-09 10:10:53Z INFO MessageListener] Loading Credentials
[2023-03-09 10:10:53Z INFO ConfigurationStore] HasCredentials()
[2023-03-09 10:10:53Z INFO ConfigurationStore] stored True
[2023-03-09 10:10:53Z INFO CredentialManager] GetCredentialProvider
[2023-03-09 10:10:53Z INFO CredentialManager] Creating type OAuth
[2023-03-09 10:10:53Z INFO CredentialManager] Creating credential type: OAuth
[2023-03-09 10:10:53Z INFO HostContext] Well known directory 'Bin': '/home/harrison/actions-runner/bin'
[2023-03-09 10:10:53Z INFO HostContext] Well known directory 'Root': '/home/harrison/actions-runner'
[2023-03-09 10:10:53Z INFO HostContext] Well known config file 'RSACredentials': '/home/harrison/actions-runner/.credentials_rsaparams'
[2023-03-09 10:10:53Z INFO RSAFileKeyManager] Loading RSA key parameters from file /home/harrison/actions-runner/.credentials_rsaparams
[2023-03-09 10:10:53Z INFO MessageListener] Attempt to create session.
[2023-03-09 10:10:53Z INFO MessageListener] Connecting to the Runner Server...
[2023-03-09 10:10:53Z INFO RunnerServer] EstablishVssConnection
[2023-03-09 10:10:53Z INFO RunnerServer] Establish connection with 100 seconds timeout.
[2023-03-09 10:10:53Z INFO GitHubActionsService] Starting operation Location.GetConnectionData
[2023-03-09 10:10:53Z INFO RunnerServer] EstablishVssConnection
[2023-03-09 10:10:53Z INFO RunnerServer] Establish connection with 60 seconds timeout.
[2023-03-09 10:10:53Z INFO GitHubActionsService] Starting operation Location.GetConnectionData
[2023-03-09 10:10:53Z INFO RunnerServer] EstablishVssConnection
[2023-03-09 10:10:53Z INFO RunnerServer] Establish connection with 60 seconds timeout.
[2023-03-09 10:10:54Z INFO GitHubActionsService] Starting operation Location.GetConnectionData
[2023-03-09 10:10:55Z INFO GitHubActionsService] Finished operation Location.GetConnectionData
[2023-03-09 10:10:55Z INFO GitHubActionsService] Finished operation Location.GetConnectionData
[2023-03-09 10:10:55Z INFO GitHubActionsService] Finished operation Location.GetConnectionData
[2023-03-09 10:10:55Z INFO MessageListener] VssConnection created
[2023-03-09 10:10:55Z INFO Terminal] WRITE LINE: 
[2023-03-09 10:10:55Z INFO Terminal] WRITE LINE: 
[2023-03-09 10:10:55Z INFO RSAFileKeyManager] Loading RSA key parameters from file /home/harrison/actions-runner/.credentials_rsaparams
[2023-03-09 10:10:55Z INFO RSAFileKeyManager] Loading RSA key parameters from file /home/harrison/actions-runner/.credentials_rsaparams
[2023-03-09 10:10:56Z INFO GitHubActionsService] AAD Correlation ID for this token request: Unknown
[2023-03-09 10:10:56Z ERR  GitHubActionsService] POST request to https://pipelines.actions.githubusercontent.com/31SbzDyHCDi90yffwOI86zoAPqMroYdWhIN2Cpadj0Zfo54cxT/_apis/distributedtask/pools/1/sessions failed. HTTP Status: Conflict, AFD Ref: Ref A: B65D80E82AAE4FED89AE8D13DC8F4488 Ref B: TPE31EDGE0614 Ref C: 2023-03-09T10:10:56Z
[2023-03-09 10:10:56Z ERR  MessageListener] Catch exception during create session.
[2023-03-09 10:10:56Z ERR  MessageListener] GitHub.DistributedTask.WebApi.TaskAgentSessionConflictException: The actions runner harrison-VirtualBox already has an active session for owner harrison-VirtualBox.
   at GitHub.Services.WebApi.VssHttpClientBase.HandleResponseAsync(HttpResponseMessage response, CancellationToken cancellationToken)
   at GitHub.Services.WebApi.VssHttpClientBase.SendAsync(HttpRequestMessage message, HttpCompletionOption completionOption, Object userState, CancellationToken cancellationToken)
   at GitHub.Services.WebApi.VssHttpClientBase.SendAsync[T](HttpRequestMessage message, Object userState, CancellationToken cancellationToken)
   at GitHub.Services.WebApi.VssHttpClientBase.SendAsync[T](HttpMethod method, IEnumerable`1 additionalHeaders, Guid locationId, Object routeValues, ApiResourceVersion version, HttpContent content, IEnumerable`1 queryParameters, Object userState, CancellationToken cancellationToken)
   at GitHub.Runner.Listener.MessageListener.CreateSessionAsync(CancellationToken token)
[2023-03-09 10:10:56Z INFO MessageListener] The session for this runner already exists.
[2023-03-09 10:10:56Z ERR  Terminal] WRITE ERROR: A session for this runner already exists.
[2023-03-09 10:10:56Z INFO MessageListener] The session conflict exception haven't reached retry limit.
[2023-03-09 10:10:56Z ERR  Terminal] WRITE ERROR: 2023-03-09 10:10:56Z: Runner connect error: The actions runner harrison-VirtualBox already has an active session for owner harrison-VirtualBox.. Retrying until reconnected.
[2023-03-09 10:10:56Z INFO MessageListener] Sleeping for 30 seconds before retrying.
[2023-03-09 10:11:26Z INFO MessageListener] Attempt to create session.
[2023-03-09 10:11:26Z INFO MessageListener] Connecting to the Runner Server...
[2023-03-09 10:11:26Z INFO RunnerServer] EstablishVssConnection
[2023-03-09 10:11:26Z INFO RunnerServer] Establish connection with 100 seconds timeout.
[2023-03-09 10:11:26Z INFO GitHubActionsService] Starting operation Location.GetConnectionData
[2023-03-09 10:11:26Z INFO RunnerServer] EstablishVssConnection
[2023-03-09 10:11:26Z INFO RunnerServer] Establish connection with 60 seconds timeout.
[2023-03-09 10:11:26Z INFO GitHubActionsService] Starting operation Location.GetConnectionData
[2023-03-09 10:11:26Z INFO RunnerServer] EstablishVssConnection
[2023-03-09 10:11:26Z INFO RunnerServer] Establish connection with 60 seconds timeout.
[2023-03-09 10:11:26Z INFO GitHubActionsService] Starting operation Location.GetConnectionData
[2023-03-09 10:11:27Z INFO GitHubActionsService] Finished operation Location.GetConnectionData
[2023-03-09 10:11:27Z INFO GitHubActionsService] Finished operation Location.GetConnectionData
[2023-03-09 10:11:27Z INFO GitHubActionsService] Finished operation Location.GetConnectionData
[2023-03-09 10:11:27Z INFO GitHubActionsService] Starting operation Location.GetConnectionData
[2023-03-09 10:11:27Z INFO GitHubActionsService] Finished operation Location.GetConnectionData
[2023-03-09 10:11:27Z INFO GitHubActionsService] Starting operation Location.GetConnectionData
[2023-03-09 10:11:27Z INFO GitHubActionsService] Finished operation Location.GetConnectionData
[2023-03-09 10:11:27Z INFO MessageListener] VssConnection created
[2023-03-09 10:11:27Z INFO Terminal] WRITE LINE: 
[2023-03-09 10:11:27Z INFO Terminal] WRITE LINE: 
[2023-03-09 10:11:28Z ERR  GitHubActionsService] POST request to https://pipelines.actions.githubusercontent.com/31SbzDyHCDi90yffwOI86zoAPqMroYdWhIN2Cpadj0Zfo54cxT/_apis/distributedtask/pools/1/sessions failed. HTTP Status: Conflict, AFD Ref: Ref A: A5C64F36AAA940C4804770BDC504A138 Ref B: TPE31EDGE0420 Ref C: 2023-03-09T10:11:27Z
[2023-03-09 10:11:28Z ERR  MessageListener] Catch exception during create session.
[2023-03-09 10:11:28Z ERR  MessageListener] GitHub.DistributedTask.WebApi.TaskAgentSessionConflictException: The actions runner harrison-VirtualBox already has an active session for owner harrison-VirtualBox.
   at GitHub.Services.WebApi.VssHttpClientBase.HandleResponseAsync(HttpResponseMessage response, CancellationToken cancellationToken)
   at GitHub.Services.WebApi.VssHttpClientBase.SendAsync(HttpRequestMessage message, HttpCompletionOption completionOption, Object userState, CancellationToken cancellationToken)
   at GitHub.Services.WebApi.VssHttpClientBase.SendAsync[T](HttpRequestMessage message, Object userState, CancellationToken cancellationToken)
   at GitHub.Services.WebApi.VssHttpClientBase.SendAsync[T](HttpMethod method, IEnumerable`1 additionalHeaders, Guid locationId, Object routeValues, ApiResourceVersion version, HttpContent content, IEnumerable`1 queryParameters, Object userState, CancellationToken cancellationToken)
   at GitHub.Runner.Listener.MessageListener.CreateSessionAsync(CancellationToken token)
[2023-03-09 10:11:28Z INFO MessageListener] The session for this runner already exists.
[2023-03-09 10:11:28Z ERR  Terminal] WRITE ERROR: A session for this runner already exists.
[2023-03-09 10:11:28Z INFO MessageListener] The session conflict exception haven't reached retry limit.
[2023-03-09 10:11:28Z INFO MessageListener] Sleeping for 30 seconds before retrying.
[2023-03-09 10:11:58Z INFO MessageListener] Attempt to create session.
[2023-03-09 10:11:58Z INFO MessageListener] Connecting to the Runner Server...
[2023-03-09 10:11:58Z INFO RunnerServer] EstablishVssConnection
[2023-03-09 10:11:58Z INFO RunnerServer] Establish connection with 100 seconds timeout.
[2023-03-09 10:11:58Z INFO GitHubActionsService] Starting operation Location.GetConnectionData
[2023-03-09 10:11:58Z INFO RunnerServer] EstablishVssConnection
[2023-03-09 10:11:58Z INFO RunnerServer] Establish connection with 60 seconds timeout.
[2023-03-09 10:11:58Z INFO GitHubActionsService] Starting operation Location.GetConnectionData
[2023-03-09 10:11:58Z INFO RunnerServer] EstablishVssConnection
[2023-03-09 10:11:58Z INFO RunnerServer] Establish connection with 60 seconds timeout.
[2023-03-09 10:11:58Z INFO GitHubActionsService] Starting operation Location.GetConnectionData
[2023-03-09 10:11:58Z INFO GitHubActionsService] Finished operation Location.GetConnectionData
[2023-03-09 10:11:59Z INFO GitHubActionsService] Finished operation Location.GetConnectionData
[2023-03-09 10:11:59Z INFO GitHubActionsService] Finished operation Location.GetConnectionData
[2023-03-09 10:11:59Z INFO MessageListener] VssConnection created
[2023-03-09 10:11:59Z INFO Terminal] WRITE LINE: 
[2023-03-09 10:11:59Z INFO Terminal] WRITE LINE: 
[2023-03-09 10:11:59Z ERR  GitHubActionsService] POST request to https://pipelines.actions.githubusercontent.com/31SbzDyHCDi90yffwOI86zoAPqMroYdWhIN2Cpadj0Zfo54cxT/_apis/distributedtask/pools/1/sessions failed. HTTP Status: Conflict, AFD Ref: Ref A: 03809ED06E254DC4A4119F44110AAD02 Ref B: TPE31EDGE0718 Ref C: 2023-03-09T10:11:59Z
[2023-03-09 10:11:59Z ERR  MessageListener] Catch exception during create session.
[2023-03-09 10:11:59Z ERR  MessageListener] GitHub.DistributedTask.WebApi.TaskAgentSessionConflictException: The actions runner harrison-VirtualBox already has an active session for owner harrison-VirtualBox.
   at GitHub.Services.WebApi.VssHttpClientBase.HandleResponseAsync(HttpResponseMessage response, CancellationToken cancellationToken)
   at GitHub.Services.WebApi.VssHttpClientBase.SendAsync(HttpRequestMessage message, HttpCompletionOption completionOption, Object userState, CancellationToken cancellationToken)
   at GitHub.Services.WebApi.VssHttpClientBase.SendAsync[T](HttpRequestMessage message, Object userState, CancellationToken cancellationToken)
   at GitHub.Services.WebApi.VssHttpClientBase.SendAsync[T](HttpMethod method, IEnumerable`1 additionalHeaders, Guid locationId, Object routeValues, ApiResourceVersion version, HttpContent content, IEnumerable`1 queryParameters, Object userState, CancellationToken cancellationToken)
   at GitHub.Runner.Listener.MessageListener.CreateSessionAsync(CancellationToken token)
[2023-03-09 10:11:59Z INFO MessageListener] The session for this runner already exists.
[2023-03-09 10:11:59Z ERR  Terminal] WRITE ERROR: A session for this runner already exists.
[2023-03-09 10:11:59Z INFO MessageListener] The session conflict exception haven't reached retry limit.
[2023-03-09 10:11:59Z INFO MessageListener] Sleeping for 30 seconds before retrying.
[2023-03-09 10:12:29Z INFO MessageListener] Attempt to create session.
[2023-03-09 10:12:29Z INFO MessageListener] Connecting to the Runner Server...
[2023-03-09 10:12:29Z INFO RunnerServer] EstablishVssConnection
[2023-03-09 10:12:29Z INFO RunnerServer] Establish connection with 100 seconds timeout.
[2023-03-09 10:12:29Z INFO GitHubActionsService] Starting operation Location.GetConnectionData
[2023-03-09 10:12:29Z INFO RunnerServer] EstablishVssConnection
[2023-03-09 10:12:29Z INFO RunnerServer] Establish connection with 60 seconds timeout.
[2023-03-09 10:12:29Z INFO GitHubActionsService] Starting operation Location.GetConnectionData
[2023-03-09 10:12:29Z INFO RunnerServer] EstablishVssConnection
[2023-03-09 10:12:29Z INFO RunnerServer] Establish connection with 60 seconds timeout.
[2023-03-09 10:12:29Z INFO GitHubActionsService] Starting operation Location.GetConnectionData
[2023-03-09 10:12:31Z INFO GitHubActionsService] Finished operation Location.GetConnectionData
[2023-03-09 10:12:31Z INFO GitHubActionsService] Finished operation Location.GetConnectionData
[2023-03-09 10:12:31Z INFO GitHubActionsService] Finished operation Location.GetConnectionData
[2023-03-09 10:12:31Z INFO GitHubActionsService] Starting operation Location.GetConnectionData
[2023-03-09 10:12:31Z INFO GitHubActionsService] Finished operation Location.GetConnectionData
[2023-03-09 10:12:31Z INFO GitHubActionsService] Starting operation Location.GetConnectionData
[2023-03-09 10:12:31Z INFO GitHubActionsService] Finished operation Location.GetConnectionData
[2023-03-09 10:12:31Z INFO GitHubActionsService] Starting operation Location.GetConnectionData
[2023-03-09 10:12:32Z INFO GitHubActionsService] Finished operation Location.GetConnectionData
[2023-03-09 10:12:32Z INFO MessageListener] VssConnection created
[2023-03-09 10:12:32Z INFO Terminal] WRITE LINE: 
[2023-03-09 10:12:32Z INFO Terminal] WRITE LINE: 
[2023-03-09 10:12:32Z ERR  GitHubActionsService] POST request to https://pipelines.actions.githubusercontent.com/31SbzDyHCDi90yffwOI86zoAPqMroYdWhIN2Cpadj0Zfo54cxT/_apis/distributedtask/pools/1/sessions failed. HTTP Status: Conflict, AFD Ref: Ref A: F464DFDCFC384EF1A65D4C6203197FAE Ref B: TPE31EDGE0519 Ref C: 2023-03-09T10:12:32Z
[2023-03-09 10:12:32Z ERR  MessageListener] Catch exception during create session.
[2023-03-09 10:12:32Z ERR  MessageListener] GitHub.DistributedTask.WebApi.TaskAgentSessionConflictException: The actions runner harrison-VirtualBox already has an active session for owner harrison-VirtualBox.
   at GitHub.Services.WebApi.VssHttpClientBase.HandleResponseAsync(HttpResponseMessage response, CancellationToken cancellationToken)
   at GitHub.Services.WebApi.VssHttpClientBase.SendAsync(HttpRequestMessage message, HttpCompletionOption completionOption, Object userState, CancellationToken cancellationToken)
   at GitHub.Services.WebApi.VssHttpClientBase.SendAsync[T](HttpRequestMessage message, Object userState, CancellationToken cancellationToken)
   at GitHub.Services.WebApi.VssHttpClientBase.SendAsync[T](HttpMethod method, IEnumerable`1 additionalHeaders, Guid locationId, Object routeValues, ApiResourceVersion version, HttpContent content, IEnumerable`1 queryParameters, Object userState, CancellationToken cancellationToken)
   at GitHub.Runner.Listener.MessageListener.CreateSessionAsync(CancellationToken token)
[2023-03-09 10:12:32Z INFO MessageListener] The session for this runner already exists.
[2023-03-09 10:12:32Z ERR  Terminal] WRITE ERROR: A session for this runner already exists.
[2023-03-09 10:12:32Z INFO MessageListener] The session conflict exception haven't reached retry limit.
[2023-03-09 10:12:32Z INFO MessageListener] Sleeping for 30 seconds before retrying.
[2023-03-09 10:13:02Z INFO MessageListener] Attempt to create session.
[2023-03-09 10:13:02Z INFO MessageListener] Connecting to the Runner Server...
[2023-03-09 10:13:02Z INFO RunnerServer] EstablishVssConnection
[2023-03-09 10:13:02Z INFO RunnerServer] Establish connection with 100 seconds timeout.
[2023-03-09 10:13:02Z INFO GitHubActionsService] Starting operation Location.GetConnectionData
[2023-03-09 10:13:02Z INFO RunnerServer] EstablishVssConnection
[2023-03-09 10:13:02Z INFO RunnerServer] Establish connection with 60 seconds timeout.
[2023-03-09 10:13:02Z INFO GitHubActionsService] Starting operation Location.GetConnectionData
[2023-03-09 10:13:02Z INFO RunnerServer] EstablishVssConnection
[2023-03-09 10:13:02Z INFO RunnerServer] Establish connection with 60 seconds timeout.
[2023-03-09 10:13:02Z INFO GitHubActionsService] Starting operation Location.GetConnectionData
[2023-03-09 10:13:03Z INFO GitHubActionsService] Finished operation Location.GetConnectionData
[2023-03-09 10:13:03Z INFO GitHubActionsService] Finished operation Location.GetConnectionData
[2023-03-09 10:13:03Z INFO GitHubActionsService] Finished operation Location.GetConnectionData
[2023-03-09 10:13:03Z INFO GitHubActionsService] Starting operation Location.GetConnectionData
[2023-03-09 10:13:04Z INFO GitHubActionsService] Finished operation Location.GetConnectionData
[2023-03-09 10:13:04Z INFO MessageListener] VssConnection created
[2023-03-09 10:13:04Z INFO Terminal] WRITE LINE: 
[2023-03-09 10:13:04Z INFO Terminal] WRITE LINE: 
