[2023-03-05 06:31:09Z INFO HostContext] No proxy settings were found based on environmental variables (http_proxy/https_proxy/HTTP_PROXY/HTTPS_PROXY)
[2023-03-05 06:31:09Z INFO HostContext] Well known directory 'Bin': '/home/harrison/assignment-1-nightmare9527/actions-runner/bin'
[2023-03-05 06:31:09Z INFO HostContext] Well known directory 'Root': '/home/harrison/assignment-1-nightmare9527/actions-runner'
[2023-03-05 06:31:09Z INFO HostContext] Well known config file 'Credentials': '/home/harrison/assignment-1-nightmare9527/actions-runner/.credentials'
[2023-03-05 06:31:09Z INFO HostContext] Well known directory 'Bin': '/home/harrison/assignment-1-nightmare9527/actions-runner/bin'
[2023-03-05 06:31:09Z INFO HostContext] Well known directory 'Root': '/home/harrison/assignment-1-nightmare9527/actions-runner'
[2023-03-05 06:31:09Z INFO HostContext] Well known config file 'Runner': '/home/harrison/assignment-1-nightmare9527/actions-runner/.runner'
[2023-03-05 06:31:09Z INFO Listener] Runner is built for Linux (X64) - linux-x64.
[2023-03-05 06:31:09Z INFO Listener] RuntimeInformation: Linux 5.15.0-60-generic #66~20.04.1-Ubuntu SMP Wed Jan 25 09:41:30 UTC 2023.
[2023-03-05 06:31:09Z INFO Listener] Version: 2.302.1
[2023-03-05 06:31:09Z INFO Listener] Commit: b3492cb90f7a757c5a39196f956340fbbbae14d1
[2023-03-05 06:31:09Z INFO Listener] Culture: en-US
[2023-03-05 06:31:09Z INFO Listener] UI Culture: en-US
[2023-03-05 06:31:09Z INFO HostContext] Well known directory 'Bin': '/home/harrison/assignment-1-nightmare9527/actions-runner/bin'
[2023-03-05 06:31:09Z INFO HostContext] Well known directory 'Root': '/home/harrison/assignment-1-nightmare9527/actions-runner'
[2023-03-05 06:31:09Z INFO Listener] Validating directory permissions for: '/home/harrison/assignment-1-nightmare9527/actions-runner'
[2023-03-05 06:31:09Z INFO CommandLineParser] Parse
[2023-03-05 06:31:09Z INFO CommandLineParser] Parsing 1 args
[2023-03-05 06:31:09Z INFO CommandLineParser] parsing argument
[2023-03-05 06:31:09Z INFO CommandLineParser] HasArgs: False
[2023-03-05 06:31:09Z INFO CommandLineParser] Adding Command: run
[2023-03-05 06:31:09Z INFO Listener] Arguments parsed
[2023-03-05 06:31:09Z INFO Runner] ExecuteCommand
[2023-03-05 06:31:09Z INFO ConfigurationStore] currentAssemblyLocation: /home/harrison/assignment-1-nightmare9527/actions-runner/bin/Runner.Listener.dll
[2023-03-05 06:31:09Z INFO HostContext] Well known directory 'Bin': '/home/harrison/assignment-1-nightmare9527/actions-runner/bin'
[2023-03-05 06:31:09Z INFO ConfigurationStore] binPath: /home/harrison/assignment-1-nightmare9527/actions-runner/bin
[2023-03-05 06:31:09Z INFO HostContext] Well known directory 'Bin': '/home/harrison/assignment-1-nightmare9527/actions-runner/bin'
[2023-03-05 06:31:09Z INFO HostContext] Well known directory 'Root': '/home/harrison/assignment-1-nightmare9527/actions-runner'
[2023-03-05 06:31:09Z INFO ConfigurationStore] RootFolder: /home/harrison/assignment-1-nightmare9527/actions-runner
[2023-03-05 06:31:09Z INFO HostContext] Well known directory 'Bin': '/home/harrison/assignment-1-nightmare9527/actions-runner/bin'
[2023-03-05 06:31:09Z INFO HostContext] Well known directory 'Root': '/home/harrison/assignment-1-nightmare9527/actions-runner'
[2023-03-05 06:31:09Z INFO HostContext] Well known config file 'Runner': '/home/harrison/assignment-1-nightmare9527/actions-runner/.runner'
[2023-03-05 06:31:09Z INFO ConfigurationStore] ConfigFilePath: /home/harrison/assignment-1-nightmare9527/actions-runner/.runner
[2023-03-05 06:31:09Z INFO HostContext] Well known directory 'Bin': '/home/harrison/assignment-1-nightmare9527/actions-runner/bin'
[2023-03-05 06:31:09Z INFO HostContext] Well known directory 'Root': '/home/harrison/assignment-1-nightmare9527/actions-runner'
[2023-03-05 06:31:09Z INFO HostContext] Well known config file 'Credentials': '/home/harrison/assignment-1-nightmare9527/actions-runner/.credentials'
[2023-03-05 06:31:09Z INFO ConfigurationStore] CredFilePath: /home/harrison/assignment-1-nightmare9527/actions-runner/.credentials
[2023-03-05 06:31:09Z INFO HostContext] Well known directory 'Bin': '/home/harrison/assignment-1-nightmare9527/actions-runner/bin'
[2023-03-05 06:31:09Z INFO HostContext] Well known directory 'Root': '/home/harrison/assignment-1-nightmare9527/actions-runner'
[2023-03-05 06:31:09Z INFO HostContext] Well known config file 'MigratedCredentials': '/home/harrison/assignment-1-nightmare9527/actions-runner/.credentials_migrated'
[2023-03-05 06:31:09Z INFO ConfigurationStore] MigratedCredFilePath: /home/harrison/assignment-1-nightmare9527/actions-runner/.credentials_migrated
[2023-03-05 06:31:09Z INFO HostContext] Well known directory 'Bin': '/home/harrison/assignment-1-nightmare9527/actions-runner/bin'
[2023-03-05 06:31:09Z INFO HostContext] Well known directory 'Root': '/home/harrison/assignment-1-nightmare9527/actions-runner'
[2023-03-05 06:31:09Z INFO HostContext] Well known config file 'Service': '/home/harrison/assignment-1-nightmare9527/actions-runner/.service'
[2023-03-05 06:31:09Z INFO ConfigurationStore] ServiceConfigFilePath: /home/harrison/assignment-1-nightmare9527/actions-runner/.service
[2023-03-05 06:31:09Z INFO CommandSettings] Flag 'help': 'False'
[2023-03-05 06:31:09Z INFO CommandSettings] Flag 'version': 'False'
[2023-03-05 06:31:09Z INFO CommandSettings] Flag 'commit': 'False'
[2023-03-05 06:31:09Z INFO CommandSettings] Flag 'check': 'False'
[2023-03-05 06:31:09Z INFO CommandSettings] Command 'configure': 'False'
[2023-03-05 06:31:09Z INFO CommandSettings] Command 'remove': 'False'
[2023-03-05 06:31:09Z INFO CommandSettings] Command 'warmup': 'False'
[2023-03-05 06:31:09Z INFO ConfigurationManager] LoadSettings
[2023-03-05 06:31:09Z INFO ConfigurationStore] IsConfigured()
[2023-03-05 06:31:09Z INFO ConfigurationStore] IsConfigured: True
[2023-03-05 06:31:09Z INFO ConfigurationManager] Is configured: True
[2023-03-05 06:31:09Z INFO ConfigurationStore] Read setting file: 315 chars
[2023-03-05 06:31:09Z INFO ConfigurationManager] Settings Loaded
[2023-03-05 06:31:09Z INFO ConfigurationStore] IsServiceConfigured()
[2023-03-05 06:31:09Z INFO ConfigurationStore] IsServiceConfigured: False
[2023-03-05 06:31:09Z INFO CommandSettings] Command 'run': 'True'
[2023-03-05 06:31:09Z INFO ConfigurationStore] IsConfigured()
[2023-03-05 06:31:09Z INFO ConfigurationStore] IsConfigured: True
[2023-03-05 06:31:09Z INFO ConfigurationManager] Is configured: True
[2023-03-05 06:31:09Z INFO Runner] Could not parse the argument value '' for StartupType. Defaulting to Manual
[2023-03-05 06:31:09Z INFO Runner] Set runner startup type - Manual
[2023-03-05 06:31:09Z INFO CommandSettings] Flag 'once': 'False'
[2023-03-05 06:31:09Z INFO CommandSettings] Flag 'once': 'False'
[2023-03-05 06:31:09Z INFO Runner] RunAsync
[2023-03-05 06:31:09Z INFO ConfigurationManager] LoadSettings
[2023-03-05 06:31:09Z INFO ConfigurationStore] IsConfigured()
[2023-03-05 06:31:09Z INFO ConfigurationStore] IsConfigured: True
[2023-03-05 06:31:09Z INFO ConfigurationManager] Is configured: True
[2023-03-05 06:31:09Z INFO ConfigurationManager] Settings Loaded
[2023-03-05 06:31:09Z INFO MessageListener] {
  "AgentId": 2,
  "AgentName": "harrison-VirtualBox",
  "PoolId": 1,
  "PoolName": "Default",
  "ServerUrl": "https://pipelines.actions.githubusercontent.com/31SbzDyHCDi90yffwOI86zoAPqMroYdWhIN2Cpadj0Zfo54cxT",
  "GitHubUrl": "https://github.com/cu-ecen-aeld/assignment-1-nightmare9527",
  "WorkFolder": "_work"
}
[2023-03-05 06:31:09Z INFO MessageListener] Loading Credentials
[2023-03-05 06:31:09Z INFO ConfigurationStore] HasCredentials()
[2023-03-05 06:31:09Z INFO ConfigurationStore] stored True
[2023-03-05 06:31:09Z INFO CredentialManager] GetCredentialProvider
[2023-03-05 06:31:09Z INFO CredentialManager] Creating type OAuth
[2023-03-05 06:31:09Z INFO CredentialManager] Creating credential type: OAuth
[2023-03-05 06:31:09Z INFO HostContext] Well known directory 'Bin': '/home/harrison/assignment-1-nightmare9527/actions-runner/bin'
[2023-03-05 06:31:09Z INFO HostContext] Well known directory 'Root': '/home/harrison/assignment-1-nightmare9527/actions-runner'
[2023-03-05 06:31:09Z INFO HostContext] Well known config file 'RSACredentials': '/home/harrison/assignment-1-nightmare9527/actions-runner/.credentials_rsaparams'
[2023-03-05 06:31:09Z INFO RSAFileKeyManager] Loading RSA key parameters from file /home/harrison/assignment-1-nightmare9527/actions-runner/.credentials_rsaparams
[2023-03-05 06:31:09Z INFO MessageListener] Attempt to create session.
[2023-03-05 06:31:09Z INFO MessageListener] Connecting to the Runner Server...
[2023-03-05 06:31:09Z INFO RunnerServer] EstablishVssConnection
[2023-03-05 06:31:09Z INFO RunnerServer] Establish connection with 100 seconds timeout.
[2023-03-05 06:31:09Z INFO GitHubActionsService] Starting operation Location.GetConnectionData
[2023-03-05 06:31:09Z INFO RunnerServer] EstablishVssConnection
[2023-03-05 06:31:09Z INFO RunnerServer] Establish connection with 60 seconds timeout.
[2023-03-05 06:31:09Z INFO GitHubActionsService] Starting operation Location.GetConnectionData
[2023-03-05 06:31:09Z INFO RunnerServer] EstablishVssConnection
[2023-03-05 06:31:09Z INFO RunnerServer] Establish connection with 60 seconds timeout.
[2023-03-05 06:31:09Z INFO GitHubActionsService] Starting operation Location.GetConnectionData
[2023-03-05 06:31:12Z INFO GitHubActionsService] Finished operation Location.GetConnectionData
[2023-03-05 06:31:12Z INFO GitHubActionsService] Finished operation Location.GetConnectionData
[2023-03-05 06:31:12Z INFO GitHubActionsService] Finished operation Location.GetConnectionData
[2023-03-05 06:31:12Z INFO MessageListener] VssConnection created
[2023-03-05 06:31:12Z INFO Terminal] WRITE LINE: 
[2023-03-05 06:31:12Z INFO Terminal] WRITE LINE: 
[2023-03-05 06:31:12Z INFO RSAFileKeyManager] Loading RSA key parameters from file /home/harrison/assignment-1-nightmare9527/actions-runner/.credentials_rsaparams
[2023-03-05 06:31:12Z INFO RSAFileKeyManager] Loading RSA key parameters from file /home/harrison/assignment-1-nightmare9527/actions-runner/.credentials_rsaparams
[2023-03-05 06:31:17Z INFO GitHubActionsService] AAD Correlation ID for this token request: Unknown
[2023-03-05 06:31:17Z WARN GitHubActionsService] Retrieving an AAD auth token took a long time (4.2065109 seconds)
[2023-03-05 06:31:17Z INFO MessageListener] Session created.
[2023-03-05 06:31:17Z INFO Terminal] WRITE LINE: Current runner version: '2.302.1'
[2023-03-05 06:31:17Z INFO Terminal] WRITE LINE: 2023-03-05 06:31:17Z: Listening for Jobs
[2023-03-05 06:31:17Z INFO JobDispatcher] Set runner/worker IPC timeout to 30 seconds.
[2023-03-05 06:31:21Z INFO RSAFileKeyManager] Loading RSA key parameters from file /home/harrison/assignment-1-nightmare9527/actions-runner/.credentials_rsaparams
[2023-03-05 06:31:21Z INFO MessageListener] Message '1' received from session 'ac577fb6-8133-4837-8d55-208fb1332b4a'.
[2023-03-05 06:31:21Z INFO Runner] Received job message of length 37512 from service, with hash 'b19c09aeca4f7a615a30dbdfa2437bdc98f8089534dc82cbbb9aa9267c6168e8'
[2023-03-05 06:31:21Z INFO JobDispatcher] Job request 1 for plan de8d620a-40fc-4df5-84ba-042133647641 job a047640a-23da-5e9b-1ef8-917a09b3753a received.
[2023-03-05 06:31:21Z INFO JobDispatcher] Pull OrchestrationId de8d620a-40fc-4df5-84ba-042133647641.full-test.__default from JWT claims
[2023-03-05 06:31:21Z INFO Terminal] WRITE LINE: 2023-03-05 06:31:21Z: Running job: full-test
[2023-03-05 06:31:21Z INFO JobDispatcher] Start renew job request 1 for job a047640a-23da-5e9b-1ef8-917a09b3753a.
[2023-03-05 06:31:22Z INFO JobDispatcher] Successfully renew job request 1, job is valid till 3/5/2023 6:41:21 AM
[2023-03-05 06:31:22Z INFO HostContext] Well known directory 'Bin': '/home/harrison/assignment-1-nightmare9527/actions-runner/bin'
[2023-03-05 06:31:22Z INFO ProcessInvokerWrapper] Starting process:
[2023-03-05 06:31:22Z INFO ProcessInvokerWrapper]   File name: '/home/harrison/assignment-1-nightmare9527/actions-runner/bin/Runner.Worker'
[2023-03-05 06:31:22Z INFO ProcessInvokerWrapper]   Arguments: 'spawnclient 108 111'
[2023-03-05 06:31:22Z INFO ProcessInvokerWrapper]   Working directory: '/home/harrison/assignment-1-nightmare9527/actions-runner/bin'
[2023-03-05 06:31:22Z INFO ProcessInvokerWrapper]   Require exit code zero: 'False'
[2023-03-05 06:31:22Z INFO ProcessInvokerWrapper]   Encoding web name:  ; code page: ''
[2023-03-05 06:31:22Z INFO ProcessInvokerWrapper]   Force kill process on cancellation: 'True'
[2023-03-05 06:31:22Z INFO ProcessInvokerWrapper]   Redirected STDIN: 'False'
[2023-03-05 06:31:22Z INFO ProcessInvokerWrapper]   Persist current code page: 'False'
[2023-03-05 06:31:22Z INFO ProcessInvokerWrapper]   Keep redirected STDIN open: 'False'
[2023-03-05 06:31:22Z INFO ProcessInvokerWrapper]   High priority process: 'True'
[2023-03-05 06:31:22Z INFO ProcessInvokerWrapper] Process started with process id 50790, waiting for process exit.
[2023-03-05 06:31:22Z INFO JobDispatcher] Send job request message to worker for job a047640a-23da-5e9b-1ef8-917a09b3753a.
[2023-03-05 06:31:22Z INFO ProcessChannel] Sending message of length 37512, with hash 'b19c09aeca4f7a615a30dbdfa2437bdc98f8089534dc82cbbb9aa9267c6168e8'
[2023-03-05 06:31:22Z INFO JobNotification] Entering JobStarted Notification
[2023-03-05 06:31:22Z INFO JobNotification] Entering StartMonitor
[2023-03-05 06:32:22Z INFO JobDispatcher] Successfully renew job request 1, job is valid till 3/5/2023 6:42:22 AM
[2023-03-05 06:33:24Z INFO JobDispatcher] Successfully renew job request 1, job is valid till 3/5/2023 6:43:24 AM
[2023-03-05 06:34:26Z INFO JobDispatcher] Successfully renew job request 1, job is valid till 3/5/2023 6:44:25 AM
[2023-03-05 06:35:27Z INFO JobDispatcher] Successfully renew job request 1, job is valid till 3/5/2023 6:45:27 AM
[2023-03-05 06:36:28Z INFO JobDispatcher] Successfully renew job request 1, job is valid till 3/5/2023 6:46:28 AM
